#
# There is insufficient memory for the Java Runtime Environment to continue.
# Native memory allocation (malloc) failed to allocate 1073616 bytes for Chunk::new
# Possible reasons:
#   The system is out of physical RAM or swap space
#   The process is running with CompressedOops enabled, and the Java Heap may be blocking the growth of the native heap
# Possible solutions:
#   Reduce memory load on the system
#   Increase physical memory or swap space
#   Check if swap backing store is full
#   Decrease Java heap size (-Xmx/-Xms)
#   Decrease number of Java threads
#   Decrease Java thread stack sizes (-Xss)
#   Set larger code cache with -XX:ReservedCodeCacheSize=
#   JVM is running with Unscaled Compressed Oops mode in which the Java heap is
#     placed in the first 4GB address space. The Java Heap base address is the
#     maximum limit for the native heap growth. Please use -XX:HeapBaseMinAddress
#     to set the Java Heap base and to place the Java Heap above 4GB virtual address.
# This output file may be truncated or incomplete.
#
#  Out of Memory Error (./src/hotspot/share/memory/arena.cpp:197), pid=4676, tid=9180
#
# JRE version: OpenJDK Runtime Environment (11.0.12+7) (build 11.0.12+7-b1504.28-7817840)
# Java VM: OpenJDK 64-Bit Server VM (11.0.12+7-b1504.28-7817840, mixed mode, tiered, compressed oops, g1 gc, windows-amd64)
# No core dump will be written. Minidumps are not enabled by default on client versions of Windows
#

---------------  S U M M A R Y ------------

Command Line: --add-opens=java.base/java.util=ALL-UNNAMED --add-opens=java.base/java.lang=ALL-UNNAMED --add-opens=java.base/java.lang.invoke=ALL-UNNAMED --add-opens=java.base/java.util=ALL-UNNAMED --add-opens=java.prefs/java.util.prefs=ALL-UNNAMED --add-opens=java.prefs/java.util.prefs=ALL-UNNAMED --add-opens=java.base/java.nio.charset=ALL-UNNAMED --add-opens=java.base/java.net=ALL-UNNAMED --add-opens=java.base/java.util.concurrent.atomic=ALL-UNNAMED -Xmx1536M -Dfile.encoding=windows-1252 -Duser.country=US -Duser.language=en -Duser.variant org.gradle.launcher.daemon.bootstrap.GradleDaemon 7.5

Host: Intel(R) Core(TM) i5-1035G1 CPU @ 1.00GHz, 8 cores, 11G,  Windows 10 , 64 bit Build 18362 (10.0.18362.329)
Time: Wed Jul 19 08:35:50 2023 W. Central Africa Standard Time elapsed time: 14.989821 seconds (0d 0h 0m 14s)

---------------  T H R E A D  ---------------

Current thread (0x0000015bc70c9000):  JavaThread "C2 CompilerThread0" daemon [_thread_in_native, id=9180, stack(0x0000005012100000,0x0000005012200000)]


Current CompileTask:
C2:  14989 2964       4       java.lang.invoke.MethodType::makeImpl (108 bytes)

Stack: [0x0000005012100000,0x0000005012200000]
Native frames: (J=compiled Java code, j=interpreted, Vv=VM code, C=native code)
V  [jvm.dll+0x5fbcea]
V  [jvm.dll+0x731905]
V  [jvm.dll+0x732f1d]
V  [jvm.dll+0x7335d3]
V  [jvm.dll+0x247bf8]
V  [jvm.dll+0xc018c]
V  [jvm.dll+0xc06cc]
V  [jvm.dll+0x35b31d]
V  [jvm.dll+0x19d0bc]
V  [jvm.dll+0x20070e]
V  [jvm.dll+0x1ff794]
V  [jvm.dll+0x18868c]
V  [jvm.dll+0x20e0d7]
V  [jvm.dll+0x20c901]
V  [jvm.dll+0x6f9b7f]
V  [jvm.dll+0x6f26a5]
V  [jvm.dll+0x5fabf6]
C  [ucrtbase.dll+0x20e72]
C  [KERNEL32.DLL+0x17bd4]
C  [ntdll.dll+0x6ced1]


---------------  P R O C E S S  ---------------

Threads class SMR info:
_java_thread_list=0x0000015bc9949390, length=33, elements={
0x0000015bad6a1000, 0x0000015bc6845800, 0x0000015bc6839000, 0x0000015bc70c1000,
0x0000015bc70c5000, 0x0000015bc70c8000, 0x0000015bc70c9000, 0x0000015bc70d2000,
0x0000015bc70eb000, 0x0000015bc70e8800, 0x0000015bc70e5800, 0x0000015bc70e8000,
0x0000015bc70e6000, 0x0000015bc70ec000, 0x0000015bc70e7000, 0x0000015bc70e9800,
0x0000015bc70ea800, 0x0000015bc7ab4000, 0x0000015bc7ab2800, 0x0000015bc7ab3800,
0x0000015bc7ab6800, 0x0000015bc7ab1800, 0x0000015bc7ab5800, 0x0000015bc7ab7800,
0x0000015bc7aba800, 0x0000015bc7ab8000, 0x0000015bc7ab5000, 0x0000015bc7aba000,
0x0000015bc7abb800, 0x0000015bc7abd000, 0x0000015bc7abc800, 0x0000015bcb904000,
0x0000015bcba8b000
}

Java Threads: ( => current thread )
  0x0000015bad6a1000 JavaThread "main" [_thread_blocked, id=14724, stack(0x0000005011500000,0x0000005011600000)]
  0x0000015bc6845800 JavaThread "Reference Handler" daemon [_thread_blocked, id=15916, stack(0x0000005011c00000,0x0000005011d00000)]
  0x0000015bc6839000 JavaThread "Finalizer" daemon [_thread_blocked, id=13932, stack(0x0000005011d00000,0x0000005011e00000)]
  0x0000015bc70c1000 JavaThread "Signal Dispatcher" daemon [_thread_blocked, id=13236, stack(0x0000005011e00000,0x0000005011f00000)]
  0x0000015bc70c5000 JavaThread "Attach Listener" daemon [_thread_blocked, id=2916, stack(0x0000005011f00000,0x0000005012000000)]
  0x0000015bc70c8000 JavaThread "Service Thread" daemon [_thread_blocked, id=14628, stack(0x0000005012000000,0x0000005012100000)]
=>0x0000015bc70c9000 JavaThread "C2 CompilerThread0" daemon [_thread_in_native, id=9180, stack(0x0000005012100000,0x0000005012200000)]
  0x0000015bc70d2000 JavaThread "C1 CompilerThread0" daemon [_thread_in_native, id=13016, stack(0x0000005012200000,0x0000005012300000)]
  0x0000015bc70eb000 JavaThread "Sweeper thread" daemon [_thread_blocked, id=2816, stack(0x0000005012300000,0x0000005012400000)]
  0x0000015bc70e8800 JavaThread "Common-Cleaner" daemon [_thread_blocked, id=13980, stack(0x0000005012400000,0x0000005012500000)]
  0x0000015bc70e5800 JavaThread "Daemon health stats" [_thread_blocked, id=6388, stack(0x0000005012600000,0x0000005012700000)]
  0x0000015bc70e8000 JavaThread "Incoming local TCP Connector on port 58309" [_thread_in_native, id=14524, stack(0x0000005012700000,0x0000005012800000)]
  0x0000015bc70e6000 JavaThread "Daemon periodic checks" [_thread_blocked, id=17096, stack(0x0000005012b00000,0x0000005012c00000)]
  0x0000015bc70ec000 JavaThread "Daemon" [_thread_blocked, id=15072, stack(0x0000005012c00000,0x0000005012d00000)]
  0x0000015bc70e7000 JavaThread "Handler for socket connection from /127.0.0.1:58309 to /127.0.0.1:58310" [_thread_in_native, id=14172, stack(0x0000005012d00000,0x0000005012e00000)]
  0x0000015bc70e9800 JavaThread "Cancel handler" [_thread_blocked, id=9948, stack(0x0000005012e00000,0x0000005012f00000)]
  0x0000015bc70ea800 JavaThread "Daemon worker" [_thread_in_vm, id=8560, stack(0x0000005012f00000,0x0000005013000000)]
  0x0000015bc7ab4000 JavaThread "Asynchronous log dispatcher for DefaultDaemonConnection: socket connection from /127.0.0.1:58309 to /127.0.0.1:58310" [_thread_blocked, id=8360, stack(0x0000005013000000,0x0000005013100000)]
  0x0000015bc7ab2800 JavaThread "Stdin handler" [_thread_blocked, id=9596, stack(0x0000005013100000,0x0000005013200000)]
  0x0000015bc7ab3800 JavaThread "Daemon client event forwarder" [_thread_in_Java, id=13672, stack(0x0000005013200000,0x0000005013300000)]
  0x0000015bc7ab6800 JavaThread "Cache worker for journal cache (C:\Users\Michelle\.gradle\caches\journal-1)" [_thread_blocked, id=15052, stack(0x0000005013300000,0x0000005013400000)]
  0x0000015bc7ab1800 JavaThread "File lock request listener" [_thread_in_native, id=17256, stack(0x0000005013400000,0x0000005013500000)]
  0x0000015bc7ab5800 JavaThread "Cache worker for file hash cache (C:\Users\Michelle\.gradle\caches\7.5\fileHashes)" [_thread_blocked, id=14448, stack(0x0000005013500000,0x0000005013600000)]
  0x0000015bc7ab7800 JavaThread "File watcher server" daemon [_thread_in_native, id=10256, stack(0x0000005013b00000,0x0000005013c00000)]
  0x0000015bc7aba800 JavaThread "File watcher consumer" daemon [_thread_blocked, id=10000, stack(0x0000005013c00000,0x0000005013d00000)]
  0x0000015bc7ab8000 JavaThread "Cache worker for checksums cache (C:\Users\Michelle\Documents\GitHub\ashlife\android\.gradle\7.5\checksums)" [_thread_blocked, id=16112, stack(0x0000005013d00000,0x0000005013e00000)]
  0x0000015bc7ab5000 JavaThread "Cache worker for cache directory md-rule (C:\Users\Michelle\.gradle\caches\7.5\md-rule)" [_thread_blocked, id=16120, stack(0x0000005013e00000,0x0000005013f00000)]
  0x0000015bc7aba000 JavaThread "Cache worker for file content cache (C:\Users\Michelle\.gradle\caches\7.5\fileContent)" [_thread_blocked, id=14396, stack(0x0000005013f00000,0x0000005014000000)]
  0x0000015bc7abb800 JavaThread "Cache worker for file hash cache (C:\Users\Michelle\Documents\GitHub\ashlife\android\.gradle\7.5\fileHashes)" [_thread_blocked, id=12668, stack(0x0000005014100000,0x0000005014200000)]
  0x0000015bc7abd000 JavaThread "Cache worker for cache directory md-supplier (C:\Users\Michelle\.gradle\caches\7.5\md-supplier)" [_thread_blocked, id=16616, stack(0x0000005014200000,0x0000005014300000)]
  0x0000015bc7abc800 JavaThread "Cache worker for execution history cache (C:\Users\Michelle\.gradle\caches\7.5\executionHistory)" [_thread_blocked, id=16516, stack(0x0000005014000000,0x0000005014100000)]
  0x0000015bcb904000 JavaThread "C2 CompilerThread1" daemon [_thread_in_native, id=10512, stack(0x0000005014300000,0x0000005014400000)]
  0x0000015bcba8b000 JavaThread "C2 CompilerThread2" daemon [_thread_in_native, id=8352, stack(0x0000005014400000,0x0000005014500000)]

Other Threads:
  0x0000015bc6830000 VMThread "VM Thread" [stack: 0x0000005011b00000,0x0000005011c00000] [id=15640]
  0x0000015bc7283800 WatcherThread [stack: 0x0000005012500000,0x0000005012600000] [id=8920]
  0x0000015bad6ba800 GCTaskThread "GC Thread#0" [stack: 0x0000005011600000,0x0000005011700000] [id=11708]
  0x0000015bc7819800 GCTaskThread "GC Thread#1" [stack: 0x0000005012800000,0x0000005012900000] [id=13828]
  0x0000015bc83ac800 GCTaskThread "GC Thread#2" [stack: 0x0000005012900000,0x0000005012a00000] [id=15832]
  0x0000015bc81ed800 GCTaskThread "GC Thread#3" [stack: 0x0000005012a00000,0x0000005012b00000] [id=9244]
  0x0000015bc7b17800 GCTaskThread "GC Thread#4" [stack: 0x0000005013600000,0x0000005013700000] [id=9288]
  0x0000015bc9239800 GCTaskThread "GC Thread#5" [stack: 0x0000005013700000,0x0000005013800000] [id=9008]
  0x0000015bc77bd000 GCTaskThread "GC Thread#6" [stack: 0x0000005013800000,0x0000005013900000] [id=9848]
  0x0000015bc760f000 GCTaskThread "GC Thread#7" [stack: 0x0000005013900000,0x0000005013a00000] [id=16856]
  0x0000015bad6e2800 ConcurrentGCThread "G1 Main Marker" [stack: 0x0000005011700000,0x0000005011800000] [id=16032]
  0x0000015bad6e5800 ConcurrentGCThread "G1 Conc#0" [stack: 0x0000005011800000,0x0000005011900000] [id=12584]
  0x0000015bc827d000 ConcurrentGCThread "G1 Conc#1" [stack: 0x0000005013a00000,0x0000005013b00000] [id=6504]
  0x0000015bc669c800 ConcurrentGCThread "G1 Refine#0" [stack: 0x0000005011900000,0x0000005011a00000] [id=6188]
  0x0000015bc669d800 ConcurrentGCThread "G1 Young RemSet Sampling" [stack: 0x0000005011a00000,0x0000005011b00000] [id=14380]

Threads with active compile tasks:
C2 CompilerThread0  15253 2964       4       java.lang.invoke.MethodType::makeImpl (108 bytes)
C1 CompilerThread0  15253 3325       3       java.lang.invoke.AbstractValidatingLambdaMetafactory::<init> (474 bytes)
C2 CompilerThread1  15253 3119       4       java.net.URLClassLoader$1::run (5 bytes)
C2 CompilerThread2  15253 3319       4       jdk.internal.org.objectweb.asm.MethodWriter::visitVarInsn (300 bytes)

VM state:not at safepoint (normal execution)

VM Mutex/Monitor currently owned by a thread: None

Heap address: 0x00000000a0000000, size: 1536 MB, Compressed Oops mode: 32-bit
Narrow klass base: 0x0000000000000000, Narrow klass shift: 3
Compressed class space size: 1073741824 Address: 0x0000000100000000

Heap:
 garbage-first heap   total 194560K, used 55142K [0x00000000a0000000, 0x0000000100000000)
  region size 1024K, 39 young (39936K), 6 survivors (6144K)
 Metaspace       used 37899K, capacity 38754K, committed 39116K, reserved 1083392K
  class space    used 4899K, capacity 5254K, committed 5376K, reserved 1048576K
Heap Regions: E=young(eden), S=young(survivor), O=old, HS=humongous(starts), HC=humongous(continues), CS=collection set, F=free, A=archive, TAMS=top-at-mark-start (previous, next)
|   0|0x00000000a0000000, 0x00000000a0100000, 0x00000000a0100000|100%| O|  |TAMS 0x00000000a0100000, 0x00000000a0000000| Untracked 
|   1|0x00000000a0100000, 0x00000000a0200000, 0x00000000a0200000|100%| O|  |TAMS 0x00000000a0200000, 0x00000000a0100000| Untracked 
|   2|0x00000000a0200000, 0x00000000a0300000, 0x00000000a0300000|100%| O|  |TAMS 0x00000000a0300000, 0x00000000a0200000| Untracked 
|   3|0x00000000a0300000, 0x00000000a0400000, 0x00000000a0400000|100%|HS|  |TAMS 0x00000000a0400000, 0x00000000a0300000| Complete 
|   4|0x00000000a0400000, 0x00000000a0500000, 0x00000000a0500000|100%|HC|  |TAMS 0x00000000a0500000, 0x00000000a0400000| Complete 
|   5|0x00000000a0500000, 0x00000000a0600000, 0x00000000a0600000|100%|HC|  |TAMS 0x00000000a0600000, 0x00000000a0500000| Complete 
|   6|0x00000000a0600000, 0x00000000a0700000, 0x00000000a0700000|100%| O|  |TAMS 0x00000000a0700000, 0x00000000a0600000| Untracked 
|   7|0x00000000a0700000, 0x00000000a0800000, 0x00000000a0800000|100%| O|  |TAMS 0x00000000a0800000, 0x00000000a0700000| Untracked 
|   8|0x00000000a0800000, 0x00000000a0900000, 0x00000000a0900000|100%| O|  |TAMS 0x00000000a0900000, 0x00000000a0800000| Untracked 
|   9|0x00000000a0900000, 0x00000000a0a00000, 0x00000000a0a00000|100%| O|  |TAMS 0x00000000a0a00000, 0x00000000a0900000| Untracked 
|  10|0x00000000a0a00000, 0x00000000a0b00000, 0x00000000a0b00000|100%| O|  |TAMS 0x00000000a0b00000, 0x00000000a0a00000| Untracked 
|  11|0x00000000a0b00000, 0x00000000a0c00000, 0x00000000a0c00000|100%| O|  |TAMS 0x00000000a0c00000, 0x00000000a0b00000| Untracked 
|  12|0x00000000a0c00000, 0x00000000a0d00000, 0x00000000a0d00000|100%| O|  |TAMS 0x00000000a0d00000, 0x00000000a0c00000| Untracked 
|  13|0x00000000a0d00000, 0x00000000a0e00000, 0x00000000a0e00000|100%| O|  |TAMS 0x00000000a0e00000, 0x00000000a0d00000| Untracked 
|  14|0x00000000a0e00000, 0x00000000a0f00000, 0x00000000a0f00000|100%| O|  |TAMS 0x00000000a0f00000, 0x00000000a0e00000| Untracked 
|  15|0x00000000a0f00000, 0x00000000a1000000, 0x00000000a1000000|100%| O|  |TAMS 0x00000000a1000000, 0x00000000a0f00000| Untracked 
|  16|0x00000000a1000000, 0x00000000a10a4600, 0x00000000a1100000| 64%| O|  |TAMS 0x00000000a10a4600, 0x00000000a1000000| Untracked 
|  17|0x00000000a1100000, 0x00000000a1100000, 0x00000000a1200000|  0%| F|  |TAMS 0x00000000a1100000, 0x00000000a1100000| Untracked 
|  18|0x00000000a1200000, 0x00000000a1200000, 0x00000000a1300000|  0%| F|  |TAMS 0x00000000a1200000, 0x00000000a1200000| Untracked 
|  19|0x00000000a1300000, 0x00000000a1300000, 0x00000000a1400000|  0%| F|  |TAMS 0x00000000a1300000, 0x00000000a1300000| Untracked 
|  20|0x00000000a1400000, 0x00000000a1400000, 0x00000000a1500000|  0%| F|  |TAMS 0x00000000a1400000, 0x00000000a1400000| Untracked 
|  21|0x00000000a1500000, 0x00000000a1500000, 0x00000000a1600000|  0%| F|  |TAMS 0x00000000a1500000, 0x00000000a1500000| Untracked 
|  22|0x00000000a1600000, 0x00000000a1600000, 0x00000000a1700000|  0%| F|  |TAMS 0x00000000a1600000, 0x00000000a1600000| Untracked 
|  23|0x00000000a1700000, 0x00000000a1700000, 0x00000000a1800000|  0%| F|  |TAMS 0x00000000a1700000, 0x00000000a1700000| Untracked 
|  24|0x00000000a1800000, 0x00000000a1800000, 0x00000000a1900000|  0%| F|  |TAMS 0x00000000a1800000, 0x00000000a1800000| Untracked 
|  25|0x00000000a1900000, 0x00000000a1900000, 0x00000000a1a00000|  0%| F|  |TAMS 0x00000000a1900000, 0x00000000a1900000| Untracked 
|  26|0x00000000a1a00000, 0x00000000a1a00000, 0x00000000a1b00000|  0%| F|  |TAMS 0x00000000a1a00000, 0x00000000a1a00000| Untracked 
|  27|0x00000000a1b00000, 0x00000000a1b00000, 0x00000000a1c00000|  0%| F|  |TAMS 0x00000000a1b00000, 0x00000000a1b00000| Untracked 
|  28|0x00000000a1c00000, 0x00000000a1c00000, 0x00000000a1d00000|  0%| F|  |TAMS 0x00000000a1c00000, 0x00000000a1c00000| Untracked 
|  29|0x00000000a1d00000, 0x00000000a1d00000, 0x00000000a1e00000|  0%| F|  |TAMS 0x00000000a1d00000, 0x00000000a1d00000| Untracked 
|  30|0x00000000a1e00000, 0x00000000a1e00000, 0x00000000a1f00000|  0%| F|  |TAMS 0x00000000a1e00000, 0x00000000a1e00000| Untracked 
|  31|0x00000000a1f00000, 0x00000000a1f00000, 0x00000000a2000000|  0%| F|  |TAMS 0x00000000a1f00000, 0x00000000a1f00000| Untracked 
|  32|0x00000000a2000000, 0x00000000a2000000, 0x00000000a2100000|  0%| F|  |TAMS 0x00000000a2000000, 0x00000000a2000000| Untracked 
|  33|0x00000000a2100000, 0x00000000a2100000, 0x00000000a2200000|  0%| F|  |TAMS 0x00000000a2100000, 0x00000000a2100000| Untracked 
|  34|0x00000000a2200000, 0x00000000a2200000, 0x00000000a2300000|  0%| F|  |TAMS 0x00000000a2200000, 0x00000000a2200000| Untracked 
|  35|0x00000000a2300000, 0x00000000a2300000, 0x00000000a2400000|  0%| F|  |TAMS 0x00000000a2300000, 0x00000000a2300000| Untracked 
|  36|0x00000000a2400000, 0x00000000a2400000, 0x00000000a2500000|  0%| F|  |TAMS 0x00000000a2400000, 0x00000000a2400000| Untracked 
|  37|0x00000000a2500000, 0x00000000a2500000, 0x00000000a2600000|  0%| F|  |TAMS 0x00000000a2500000, 0x00000000a2500000| Untracked 
|  38|0x00000000a2600000, 0x00000000a2600000, 0x00000000a2700000|  0%| F|  |TAMS 0x00000000a2600000, 0x00000000a2600000| Untracked 
|  39|0x00000000a2700000, 0x00000000a2700000, 0x00000000a2800000|  0%| F|  |TAMS 0x00000000a2700000, 0x00000000a2700000| Untracked 
|  40|0x00000000a2800000, 0x00000000a2800000, 0x00000000a2900000|  0%| F|  |TAMS 0x00000000a2800000, 0x00000000a2800000| Untracked 
|  41|0x00000000a2900000, 0x00000000a2900000, 0x00000000a2a00000|  0%| F|  |TAMS 0x00000000a2900000, 0x00000000a2900000| Untracked 
|  42|0x00000000a2a00000, 0x00000000a2a00000, 0x00000000a2b00000|  0%| F|  |TAMS 0x00000000a2a00000, 0x00000000a2a00000| Untracked 
|  43|0x00000000a2b00000, 0x00000000a2b00000, 0x00000000a2c00000|  0%| F|  |TAMS 0x00000000a2b00000, 0x00000000a2b00000| Untracked 
|  44|0x00000000a2c00000, 0x00000000a2c00000, 0x00000000a2d00000|  0%| F|  |TAMS 0x00000000a2c00000, 0x00000000a2c00000| Untracked 
|  45|0x00000000a2d00000, 0x00000000a2d00000, 0x00000000a2e00000|  0%| F|  |TAMS 0x00000000a2d00000, 0x00000000a2d00000| Untracked 
|  46|0x00000000a2e00000, 0x00000000a2e00000, 0x00000000a2f00000|  0%| F|  |TAMS 0x00000000a2e00000, 0x00000000a2e00000| Untracked 
|  47|0x00000000a2f00000, 0x00000000a2f00000, 0x00000000a3000000|  0%| F|  |TAMS 0x00000000a2f00000, 0x00000000a2f00000| Untracked 
|  48|0x00000000a3000000, 0x00000000a3000000, 0x00000000a3100000|  0%| F|  |TAMS 0x00000000a3000000, 0x00000000a3000000| Untracked 
|  49|0x00000000a3100000, 0x00000000a3100000, 0x00000000a3200000|  0%| F|  |TAMS 0x00000000a3100000, 0x00000000a3100000| Untracked 
|  50|0x00000000a3200000, 0x00000000a3200000, 0x00000000a3300000|  0%| F|  |TAMS 0x00000000a3200000, 0x00000000a3200000| Untracked 
|  51|0x00000000a3300000, 0x00000000a3300000, 0x00000000a3400000|  0%| F|  |TAMS 0x00000000a3300000, 0x00000000a3300000| Untracked 
|  52|0x00000000a3400000, 0x00000000a3400000, 0x00000000a3500000|  0%| F|  |TAMS 0x00000000a3400000, 0x00000000a3400000| Untracked 
|  53|0x00000000a3500000, 0x00000000a3500000, 0x00000000a3600000|  0%| F|  |TAMS 0x00000000a3500000, 0x00000000a3500000| Untracked 
|  54|0x00000000a3600000, 0x00000000a3600000, 0x00000000a3700000|  0%| F|  |TAMS 0x00000000a3600000, 0x00000000a3600000| Untracked 
|  55|0x00000000a3700000, 0x00000000a3700000, 0x00000000a3800000|  0%| F|  |TAMS 0x00000000a3700000, 0x00000000a3700000| Untracked 
|  56|0x00000000a3800000, 0x00000000a3800000, 0x00000000a3900000|  0%| F|  |TAMS 0x00000000a3800000, 0x00000000a3800000| Untracked 
|  57|0x00000000a3900000, 0x00000000a3900000, 0x00000000a3a00000|  0%| F|  |TAMS 0x00000000a3900000, 0x00000000a3900000| Untracked 
|  58|0x00000000a3a00000, 0x00000000a3a00000, 0x00000000a3b00000|  0%| F|  |TAMS 0x00000000a3a00000, 0x00000000a3a00000| Untracked 
|  59|0x00000000a3b00000, 0x00000000a3b00000, 0x00000000a3c00000|  0%| F|  |TAMS 0x00000000a3b00000, 0x00000000a3b00000| Untracked 
|  60|0x00000000a3c00000, 0x00000000a3c00000, 0x00000000a3d00000|  0%| F|  |TAMS 0x00000000a3c00000, 0x00000000a3c00000| Untracked 
|  61|0x00000000a3d00000, 0x00000000a3d00000, 0x00000000a3e00000|  0%| F|  |TAMS 0x00000000a3d00000, 0x00000000a3d00000| Untracked 
|  62|0x00000000a3e00000, 0x00000000a3e00000, 0x00000000a3f00000|  0%| F|  |TAMS 0x00000000a3e00000, 0x00000000a3e00000| Untracked 
|  63|0x00000000a3f00000, 0x00000000a3f00000, 0x00000000a4000000|  0%| F|  |TAMS 0x00000000a3f00000, 0x00000000a3f00000| Untracked 
|  64|0x00000000a4000000, 0x00000000a4000000, 0x00000000a4100000|  0%| F|  |TAMS 0x00000000a4000000, 0x00000000a4000000| Untracked 
|  65|0x00000000a4100000, 0x00000000a4100000, 0x00000000a4200000|  0%| F|  |TAMS 0x00000000a4100000, 0x00000000a4100000| Untracked 
|  66|0x00000000a4200000, 0x00000000a4200000, 0x00000000a4300000|  0%| F|  |TAMS 0x00000000a4200000, 0x00000000a4200000| Untracked 
|  67|0x00000000a4300000, 0x00000000a4300000, 0x00000000a4400000|  0%| F|  |TAMS 0x00000000a4300000, 0x00000000a4300000| Untracked 
|  68|0x00000000a4400000, 0x00000000a4400000, 0x00000000a4500000|  0%| F|  |TAMS 0x00000000a4400000, 0x00000000a4400000| Untracked 
|  69|0x00000000a4500000, 0x00000000a4500000, 0x00000000a4600000|  0%| F|  |TAMS 0x00000000a4500000, 0x00000000a4500000| Untracked 
|  70|0x00000000a4600000, 0x00000000a4600000, 0x00000000a4700000|  0%| F|  |TAMS 0x00000000a4600000, 0x00000000a4600000| Untracked 
|  71|0x00000000a4700000, 0x00000000a4700000, 0x00000000a4800000|  0%| F|  |TAMS 0x00000000a4700000, 0x00000000a4700000| Untracked 
|  72|0x00000000a4800000, 0x00000000a4800000, 0x00000000a4900000|  0%| F|  |TAMS 0x00000000a4800000, 0x00000000a4800000| Untracked 
|  73|0x00000000a4900000, 0x00000000a4900000, 0x00000000a4a00000|  0%| F|  |TAMS 0x00000000a4900000, 0x00000000a4900000| Untracked 
|  74|0x00000000a4a00000, 0x00000000a4a00000, 0x00000000a4b00000|  0%| F|  |TAMS 0x00000000a4a00000, 0x00000000a4a00000| Untracked 
|  75|0x00000000a4b00000, 0x00000000a4b00000, 0x00000000a4c00000|  0%| F|  |TAMS 0x00000000a4b00000, 0x00000000a4b00000| Untracked 
|  76|0x00000000a4c00000, 0x00000000a4c00000, 0x00000000a4d00000|  0%| F|  |TAMS 0x00000000a4c00000, 0x00000000a4c00000| Untracked 
|  77|0x00000000a4d00000, 0x00000000a4d00000, 0x00000000a4e00000|  0%| F|  |TAMS 0x00000000a4d00000, 0x00000000a4d00000| Untracked 
|  78|0x00000000a4e00000, 0x00000000a4e00000, 0x00000000a4f00000|  0%| F|  |TAMS 0x00000000a4e00000, 0x00000000a4e00000| Untracked 
|  79|0x00000000a4f00000, 0x00000000a4f00000, 0x00000000a5000000|  0%| F|  |TAMS 0x00000000a4f00000, 0x00000000a4f00000| Untracked 
|  80|0x00000000a5000000, 0x00000000a5000000, 0x00000000a5100000|  0%| F|  |TAMS 0x00000000a5000000, 0x00000000a5000000| Untracked 
|  81|0x00000000a5100000, 0x00000000a5100000, 0x00000000a5200000|  0%| F|  |TAMS 0x00000000a5100000, 0x00000000a5100000| Untracked 
|  82|0x00000000a5200000, 0x00000000a5200000, 0x00000000a5300000|  0%| F|  |TAMS 0x00000000a5200000, 0x00000000a5200000| Untracked 
|  83|0x00000000a5300000, 0x00000000a5300000, 0x00000000a5400000|  0%| F|  |TAMS 0x00000000a5300000, 0x00000000a5300000| Untracked 
|  84|0x00000000a5400000, 0x00000000a5400000, 0x00000000a5500000|  0%| F|  |TAMS 0x00000000a5400000, 0x00000000a5400000| Untracked 
|  85|0x00000000a5500000, 0x00000000a5500000, 0x00000000a5600000|  0%| F|  |TAMS 0x00000000a5500000, 0x00000000a5500000| Untracked 
|  86|0x00000000a5600000, 0x00000000a5600000, 0x00000000a5700000|  0%| F|  |TAMS 0x00000000a5600000, 0x00000000a5600000| Untracked 
|  87|0x00000000a5700000, 0x00000000a5700000, 0x00000000a5800000|  0%| F|  |TAMS 0x00000000a5700000, 0x00000000a5700000| Untracked 
|  88|0x00000000a5800000, 0x00000000a5800000, 0x00000000a5900000|  0%| F|  |TAMS 0x00000000a5800000, 0x00000000a5800000| Untracked 
|  89|0x00000000a5900000, 0x00000000a5900000, 0x00000000a5a00000|  0%| F|  |TAMS 0x00000000a5900000, 0x00000000a5900000| Untracked 
|  90|0x00000000a5a00000, 0x00000000a5a00000, 0x00000000a5b00000|  0%| F|  |TAMS 0x00000000a5a00000, 0x00000000a5a00000| Untracked 
|  91|0x00000000a5b00000, 0x00000000a5b00000, 0x00000000a5c00000|  0%| F|  |TAMS 0x00000000a5b00000, 0x00000000a5b00000| Untracked 
|  92|0x00000000a5c00000, 0x00000000a5c00000, 0x00000000a5d00000|  0%| F|  |TAMS 0x00000000a5c00000, 0x00000000a5c00000| Untracked 
|  93|0x00000000a5d00000, 0x00000000a5d00000, 0x00000000a5e00000|  0%| F|  |TAMS 0x00000000a5d00000, 0x00000000a5d00000| Untracked 
|  94|0x00000000a5e00000, 0x00000000a5e00000, 0x00000000a5f00000|  0%| F|  |TAMS 0x00000000a5e00000, 0x00000000a5e00000| Untracked 
|  95|0x00000000a5f00000, 0x00000000a5f00000, 0x00000000a6000000|  0%| F|  |TAMS 0x00000000a5f00000, 0x00000000a5f00000| Untracked 
|  96|0x00000000a6000000, 0x00000000a6000000, 0x00000000a6100000|  0%| F|  |TAMS 0x00000000a6000000, 0x00000000a6000000| Untracked 
|  97|0x00000000a6100000, 0x00000000a6100000, 0x00000000a6200000|  0%| F|  |TAMS 0x00000000a6100000, 0x00000000a6100000| Untracked 
|  98|0x00000000a6200000, 0x00000000a6200000, 0x00000000a6300000|  0%| F|  |TAMS 0x00000000a6200000, 0x00000000a6200000| Untracked 
|  99|0x00000000a6300000, 0x00000000a6300000, 0x00000000a6400000|  0%| F|  |TAMS 0x00000000a6300000, 0x00000000a6300000| Untracked 
| 100|0x00000000a6400000, 0x00000000a6400000, 0x00000000a6500000|  0%| F|  |TAMS 0x00000000a6400000, 0x00000000a6400000| Untracked 
| 101|0x00000000a6500000, 0x00000000a6500000, 0x00000000a6600000|  0%| F|  |TAMS 0x00000000a6500000, 0x00000000a6500000| Untracked 
| 102|0x00000000a6600000, 0x00000000a6600000, 0x00000000a6700000|  0%| F|  |TAMS 0x00000000a6600000, 0x00000000a6600000| Untracked 
| 103|0x00000000a6700000, 0x00000000a6700000, 0x00000000a6800000|  0%| F|  |TAMS 0x00000000a6700000, 0x00000000a6700000| Untracked 
| 104|0x00000000a6800000, 0x00000000a6800000, 0x00000000a6900000|  0%| F|  |TAMS 0x00000000a6800000, 0x00000000a6800000| Untracked 
| 105|0x00000000a6900000, 0x00000000a6900000, 0x00000000a6a00000|  0%| F|  |TAMS 0x00000000a6900000, 0x00000000a6900000| Untracked 
| 106|0x00000000a6a00000, 0x00000000a6a00000, 0x00000000a6b00000|  0%| F|  |TAMS 0x00000000a6a00000, 0x00000000a6a00000| Untracked 
| 107|0x00000000a6b00000, 0x00000000a6b00000, 0x00000000a6c00000|  0%| F|  |TAMS 0x00000000a6b00000, 0x00000000a6b00000| Untracked 
| 108|0x00000000a6c00000, 0x00000000a6c00000, 0x00000000a6d00000|  0%| F|  |TAMS 0x00000000a6c00000, 0x00000000a6c00000| Untracked 
| 109|0x00000000a6d00000, 0x00000000a6d00000, 0x00000000a6e00000|  0%| F|  |TAMS 0x00000000a6d00000, 0x00000000a6d00000| Untracked 
| 110|0x00000000a6e00000, 0x00000000a6e00000, 0x00000000a6f00000|  0%| F|  |TAMS 0x00000000a6e00000, 0x00000000a6e00000| Untracked 
| 111|0x00000000a6f00000, 0x00000000a6f00000, 0x00000000a7000000|  0%| F|  |TAMS 0x00000000a6f00000, 0x00000000a6f00000| Untracked 
| 112|0x00000000a7000000, 0x00000000a7000000, 0x00000000a7100000|  0%| F|  |TAMS 0x00000000a7000000, 0x00000000a7000000| Untracked 
| 113|0x00000000a7100000, 0x00000000a7100000, 0x00000000a7200000|  0%| F|  |TAMS 0x00000000a7100000, 0x00000000a7100000| Untracked 
| 114|0x00000000a7200000, 0x00000000a7200000, 0x00000000a7300000|  0%| F|  |TAMS 0x00000000a7200000, 0x00000000a7200000| Untracked 
| 115|0x00000000a7300000, 0x00000000a7300000, 0x00000000a7400000|  0%| F|  |TAMS 0x00000000a7300000, 0x00000000a7300000| Untracked 
| 116|0x00000000a7400000, 0x00000000a7400000, 0x00000000a7500000|  0%| F|  |TAMS 0x00000000a7400000, 0x00000000a7400000| Untracked 
| 117|0x00000000a7500000, 0x00000000a7500000, 0x00000000a7600000|  0%| F|  |TAMS 0x00000000a7500000, 0x00000000a7500000| Untracked 
| 118|0x00000000a7600000, 0x00000000a7600000, 0x00000000a7700000|  0%| F|  |TAMS 0x00000000a7600000, 0x00000000a7600000| Untracked 
| 119|0x00000000a7700000, 0x00000000a7700000, 0x00000000a7800000|  0%| F|  |TAMS 0x00000000a7700000, 0x00000000a7700000| Untracked 
| 120|0x00000000a7800000, 0x00000000a7800000, 0x00000000a7900000|  0%| F|  |TAMS 0x00000000a7800000, 0x00000000a7800000| Untracked 
| 121|0x00000000a7900000, 0x00000000a7900000, 0x00000000a7a00000|  0%| F|  |TAMS 0x00000000a7900000, 0x00000000a7900000| Untracked 
| 122|0x00000000a7a00000, 0x00000000a7a00000, 0x00000000a7b00000|  0%| F|  |TAMS 0x00000000a7a00000, 0x00000000a7a00000| Untracked 
| 123|0x00000000a7b00000, 0x00000000a7b00000, 0x00000000a7c00000|  0%| F|  |TAMS 0x00000000a7b00000, 0x00000000a7b00000| Untracked 
| 124|0x00000000a7c00000, 0x00000000a7c35448, 0x00000000a7d00000| 20%| S|CS|TAMS 0x00000000a7c00000, 0x00000000a7c00000| Complete 
| 125|0x00000000a7d00000, 0x00000000a7e00000, 0x00000000a7e00000|100%| S|CS|TAMS 0x00000000a7d00000, 0x00000000a7d00000| Complete 
| 126|0x00000000a7e00000, 0x00000000a7f00000, 0x00000000a7f00000|100%| S|CS|TAMS 0x00000000a7e00000, 0x00000000a7e00000| Complete 
| 127|0x00000000a7f00000, 0x00000000a8000000, 0x00000000a8000000|100%| S|CS|TAMS 0x00000000a7f00000, 0x00000000a7f00000| Complete 
| 128|0x00000000a8000000, 0x00000000a8100000, 0x00000000a8100000|100%| S|CS|TAMS 0x00000000a8000000, 0x00000000a8000000| Complete 
| 129|0x00000000a8100000, 0x00000000a8100000, 0x00000000a8200000|  0%| F|  |TAMS 0x00000000a8100000, 0x00000000a8100000| Untracked 
| 130|0x00000000a8200000, 0x00000000a8200000, 0x00000000a8300000|  0%| F|  |TAMS 0x00000000a8200000, 0x00000000a8200000| Untracked 
| 131|0x00000000a8300000, 0x00000000a8300000, 0x00000000a8400000|  0%| F|  |TAMS 0x00000000a8300000, 0x00000000a8300000| Untracked 
| 132|0x00000000a8400000, 0x00000000a8500000, 0x00000000a8500000|100%| S|CS|TAMS 0x00000000a8400000, 0x00000000a8400000| Complete 
| 133|0x00000000a8500000, 0x00000000a8500000, 0x00000000a8600000|  0%| F|  |TAMS 0x00000000a8500000, 0x00000000a8500000| Untracked 
| 134|0x00000000a8600000, 0x00000000a8600000, 0x00000000a8700000|  0%| F|  |TAMS 0x00000000a8600000, 0x00000000a8600000| Untracked 
| 135|0x00000000a8700000, 0x00000000a8700000, 0x00000000a8800000|  0%| F|  |TAMS 0x00000000a8700000, 0x00000000a8700000| Untracked 
| 136|0x00000000a8800000, 0x00000000a8800000, 0x00000000a8900000|  0%| F|  |TAMS 0x00000000a8800000, 0x00000000a8800000| Untracked 
| 137|0x00000000a8900000, 0x00000000a8900000, 0x00000000a8a00000|  0%| F|  |TAMS 0x00000000a8900000, 0x00000000a8900000| Untracked 
| 138|0x00000000a8a00000, 0x00000000a8a00000, 0x00000000a8b00000|  0%| F|  |TAMS 0x00000000a8a00000, 0x00000000a8a00000| Untracked 
| 139|0x00000000a8b00000, 0x00000000a8b00000, 0x00000000a8c00000|  0%| F|  |TAMS 0x00000000a8b00000, 0x00000000a8b00000| Untracked 
| 140|0x00000000a8c00000, 0x00000000a8c00000, 0x00000000a8d00000|  0%| F|  |TAMS 0x00000000a8c00000, 0x00000000a8c00000| Untracked 
| 141|0x00000000a8d00000, 0x00000000a8d00000, 0x00000000a8e00000|  0%| F|  |TAMS 0x00000000a8d00000, 0x00000000a8d00000| Untracked 
| 142|0x00000000a8e00000, 0x00000000a8e00000, 0x00000000a8f00000|  0%| F|  |TAMS 0x00000000a8e00000, 0x00000000a8e00000| Untracked 
| 143|0x00000000a8f00000, 0x00000000a8f00000, 0x00000000a9000000|  0%| F|  |TAMS 0x00000000a8f00000, 0x00000000a8f00000| Untracked 
| 144|0x00000000a9000000, 0x00000000a9000000, 0x00000000a9100000|  0%| F|  |TAMS 0x00000000a9000000, 0x00000000a9000000| Untracked 
| 145|0x00000000a9100000, 0x00000000a9100000, 0x00000000a9200000|  0%| F|  |TAMS 0x00000000a9100000, 0x00000000a9100000| Untracked 
| 146|0x00000000a9200000, 0x00000000a9200000, 0x00000000a9300000|  0%| F|  |TAMS 0x00000000a9200000, 0x00000000a9200000| Untracked 
| 147|0x00000000a9300000, 0x00000000a9300000, 0x00000000a9400000|  0%| F|  |TAMS 0x00000000a9300000, 0x00000000a9300000| Untracked 
| 148|0x00000000a9400000, 0x00000000a9400000, 0x00000000a9500000|  0%| F|  |TAMS 0x00000000a9400000, 0x00000000a9400000| Untracked 
| 149|0x00000000a9500000, 0x00000000a9500000, 0x00000000a9600000|  0%| F|  |TAMS 0x00000000a9500000, 0x00000000a9500000| Untracked 
| 150|0x00000000a9600000, 0x00000000a9600000, 0x00000000a9700000|  0%| F|  |TAMS 0x00000000a9600000, 0x00000000a9600000| Untracked 
| 151|0x00000000a9700000, 0x00000000a9700000, 0x00000000a9800000|  0%| F|  |TAMS 0x00000000a9700000, 0x00000000a9700000| Untracked 
| 152|0x00000000a9800000, 0x00000000a9800000, 0x00000000a9900000|  0%| F|  |TAMS 0x00000000a9800000, 0x00000000a9800000| Untracked 
| 153|0x00000000a9900000, 0x00000000a9900000, 0x00000000a9a00000|  0%| F|  |TAMS 0x00000000a9900000, 0x00000000a9900000| Untracked 
| 154|0x00000000a9a00000, 0x00000000a9a00000, 0x00000000a9b00000|  0%| F|  |TAMS 0x00000000a9a00000, 0x00000000a9a00000| Untracked 
| 155|0x00000000a9b00000, 0x00000000a9b00000, 0x00000000a9c00000|  0%| F|  |TAMS 0x00000000a9b00000, 0x00000000a9b00000| Untracked 
| 156|0x00000000a9c00000, 0x00000000a9c00000, 0x00000000a9d00000|  0%| F|  |TAMS 0x00000000a9c00000, 0x00000000a9c00000| Untracked 
| 157|0x00000000a9d00000, 0x00000000a9d80800, 0x00000000a9e00000| 50%| E|  |TAMS 0x00000000a9d00000, 0x00000000a9d00000| Complete 
| 158|0x00000000a9e00000, 0x00000000a9f00000, 0x00000000a9f00000|100%| E|CS|TAMS 0x00000000a9e00000, 0x00000000a9e00000| Complete 
| 159|0x00000000a9f00000, 0x00000000aa000000, 0x00000000aa000000|100%| E|CS|TAMS 0x00000000a9f00000, 0x00000000a9f00000| Complete 
| 160|0x00000000aa000000, 0x00000000aa100000, 0x00000000aa100000|100%| E|CS|TAMS 0x00000000aa000000, 0x00000000aa000000| Complete 
| 161|0x00000000aa100000, 0x00000000aa200000, 0x00000000aa200000|100%| E|CS|TAMS 0x00000000aa100000, 0x00000000aa100000| Complete 
| 162|0x00000000aa200000, 0x00000000aa300000, 0x00000000aa300000|100%| E|CS|TAMS 0x00000000aa200000, 0x00000000aa200000| Complete 
| 163|0x00000000aa300000, 0x00000000aa400000, 0x00000000aa400000|100%| E|CS|TAMS 0x00000000aa300000, 0x00000000aa300000| Complete 
| 164|0x00000000aa400000, 0x00000000aa500000, 0x00000000aa500000|100%| E|CS|TAMS 0x00000000aa400000, 0x00000000aa400000| Complete 
| 165|0x00000000aa500000, 0x00000000aa600000, 0x00000000aa600000|100%| E|CS|TAMS 0x00000000aa500000, 0x00000000aa500000| Complete 
| 166|0x00000000aa600000, 0x00000000aa700000, 0x00000000aa700000|100%| E|CS|TAMS 0x00000000aa600000, 0x00000000aa600000| Complete 
| 167|0x00000000aa700000, 0x00000000aa800000, 0x00000000aa800000|100%| E|CS|TAMS 0x00000000aa700000, 0x00000000aa700000| Complete 
| 168|0x00000000aa800000, 0x00000000aa900000, 0x00000000aa900000|100%| E|CS|TAMS 0x00000000aa800000, 0x00000000aa800000| Complete 
| 169|0x00000000aa900000, 0x00000000aaa00000, 0x00000000aaa00000|100%| E|CS|TAMS 0x00000000aa900000, 0x00000000aa900000| Complete 
| 170|0x00000000aaa00000, 0x00000000aab00000, 0x00000000aab00000|100%| E|CS|TAMS 0x00000000aaa00000, 0x00000000aaa00000| Complete 
| 171|0x00000000aab00000, 0x00000000aac00000, 0x00000000aac00000|100%| E|CS|TAMS 0x00000000aab00000, 0x00000000aab00000| Complete 
| 172|0x00000000aac00000, 0x00000000aad00000, 0x00000000aad00000|100%| E|CS|TAMS 0x00000000aac00000, 0x00000000aac00000| Complete 
| 173|0x00000000aad00000, 0x00000000aae00000, 0x00000000aae00000|100%| E|CS|TAMS 0x00000000aad00000, 0x00000000aad00000| Complete 
| 174|0x00000000aae00000, 0x00000000aaf00000, 0x00000000aaf00000|100%| E|CS|TAMS 0x00000000aae00000, 0x00000000aae00000| Complete 
| 175|0x00000000aaf00000, 0x00000000ab000000, 0x00000000ab000000|100%| E|CS|TAMS 0x00000000aaf00000, 0x00000000aaf00000| Complete 
| 176|0x00000000ab000000, 0x00000000ab100000, 0x00000000ab100000|100%| E|CS|TAMS 0x00000000ab000000, 0x00000000ab000000| Complete 
| 177|0x00000000ab100000, 0x00000000ab200000, 0x00000000ab200000|100%| E|CS|TAMS 0x00000000ab100000, 0x00000000ab100000| Complete 
| 178|0x00000000ab200000, 0x00000000ab300000, 0x00000000ab300000|100%| E|CS|TAMS 0x00000000ab200000, 0x00000000ab200000| Complete 
| 179|0x00000000ab300000, 0x00000000ab400000, 0x00000000ab400000|100%| E|CS|TAMS 0x00000000ab300000, 0x00000000ab300000| Complete 
| 180|0x00000000ab400000, 0x00000000ab500000, 0x00000000ab500000|100%| E|CS|TAMS 0x00000000ab400000, 0x00000000ab400000| Complete 
| 181|0x00000000ab500000, 0x00000000ab600000, 0x00000000ab600000|100%| E|CS|TAMS 0x00000000ab500000, 0x00000000ab500000| Complete 
| 182|0x00000000ab600000, 0x00000000ab700000, 0x00000000ab700000|100%| E|CS|TAMS 0x00000000ab600000, 0x00000000ab600000| Complete 
| 183|0x00000000ab700000, 0x00000000ab800000, 0x00000000ab800000|100%| E|CS|TAMS 0x00000000ab700000, 0x00000000ab700000| Complete 
| 184|0x00000000ab800000, 0x00000000ab900000, 0x00000000ab900000|100%| E|CS|TAMS 0x00000000ab800000, 0x00000000ab800000| Complete 
| 185|0x00000000ab900000, 0x00000000aba00000, 0x00000000aba00000|100%| E|CS|TAMS 0x00000000ab900000, 0x00000000ab900000| Complete 
| 186|0x00000000aba00000, 0x00000000abb00000, 0x00000000abb00000|100%| E|CS|TAMS 0x00000000aba00000, 0x00000000aba00000| Complete 
| 187|0x00000000abb00000, 0x00000000abc00000, 0x00000000abc00000|100%| E|CS|TAMS 0x00000000abb00000, 0x00000000abb00000| Complete 
| 188|0x00000000abc00000, 0x00000000abd00000, 0x00000000abd00000|100%| E|CS|TAMS 0x00000000abc00000, 0x00000000abc00000| Complete 
| 189|0x00000000abd00000, 0x00000000abe00000, 0x00000000abe00000|100%| E|CS|TAMS 0x00000000abd00000, 0x00000000abd00000| Complete 

Card table byte_map: [0x0000015bc07d0000,0x0000015bc0ad0000] _byte_map_base: 0x0000015bc02d0000

Marking Bits (Prev, Next): (CMBitMap*) 0x0000015bad6db818, (CMBitMap*) 0x0000015bad6db850
 Prev Bits: [0x0000015bc0dd0000, 0x0000015bc25d0000)
 Next Bits: [0x0000015bc25d0000, 0x0000015bc3dd0000)

Polling page: 0x0000015bab6a0000

Metaspace:

Usage:
  Non-class:     32.79 MB capacity,    32.25 MB ( 98%) used,   460.44 KB (  1%) free+waste,    89.75 KB ( <1%) overhead. 
      Class:      5.14 MB capacity,     4.79 MB ( 93%) used,   311.52 KB (  6%) free+waste,    43.75 KB ( <1%) overhead. 
       Both:     37.93 MB capacity,    37.04 MB ( 98%) used,   771.95 KB (  2%) free+waste,   133.50 KB ( <1%) overhead. 

Virtual space:
  Non-class space:       34.00 MB reserved,      32.95 MB ( 97%) committed 
      Class space:        1.00 GB reserved,       5.25 MB ( <1%) committed 
             Both:        1.03 GB reserved,      38.20 MB (  4%) committed 

Chunk freelists:
   Non-Class:  34.00 KB
       Class:  19.00 KB
        Both:  53.00 KB

MaxMetaspaceSize: 17179869184.00 GB
CompressedClassSpaceSize: 1.00 GB
Initial GC threshold: 20.80 MB
Current GC threshold: 58.88 MB
CDS: off

CodeHeap 'non-profiled nmethods': size=120000Kb used=1679Kb max_used=1679Kb free=118320Kb
 bounds [0x0000015bb8c70000, 0x0000015bb8ee0000, 0x0000015bc01a0000]
CodeHeap 'profiled nmethods': size=120000Kb used=6955Kb max_used=6955Kb free=113044Kb
 bounds [0x0000015bb1740000, 0x0000015bb1e10000, 0x0000015bb8c70000]
CodeHeap 'non-nmethods': size=5760Kb used=1593Kb max_used=1614Kb free=4166Kb
 bounds [0x0000015bb11a0000, 0x0000015bb1410000, 0x0000015bb1740000]
 total_blobs=3942 nmethods=3318 adapters=536
 compilation: enabled
              stopped_count=0, restarted_count=0
 full_count=0

Compilation events (20 events):
Event: 14.886 Thread 0x0000015bc70d2000 nmethod 3069 0x0000015bb1d75d90 code [0x0000015bb1d75f40, 0x0000015bb1d76058]
Event: 14.886 Thread 0x0000015bc70d2000 3070       3       jdk.nio.zipfs.ZipPath::getFileSystem (5 bytes)
Event: 14.886 Thread 0x0000015bc70d2000 nmethod 3070 0x0000015bb1d76110 code [0x0000015bb1d762c0, 0x0000015bb1d763d8]
Event: 14.886 Thread 0x0000015bc70d2000 3071       3       jdk.nio.zipfs.ZipFileSystemProvider::toZipPath (32 bytes)
Event: 14.887 Thread 0x0000015bc70d2000 nmethod 3071 0x0000015bb1d76490 code [0x0000015bb1d76680, 0x0000015bb1d76b38]
Event: 14.887 Thread 0x0000015bc70d2000 3072       3       java.nio.file.Files::getFileAttributeView (11 bytes)
Event: 14.887 Thread 0x0000015bc70d2000 nmethod 3072 0x0000015bb1d76c90 code [0x0000015bb1d76e80, 0x0000015bb1d77228]
Event: 14.887 Thread 0x0000015bc70d2000 3073       3       jdk.nio.zipfs.ZipFileSystemProvider::getFileAttributeView (9 bytes)
Event: 14.887 Thread 0x0000015bc70d2000 nmethod 3073 0x0000015bb1d77390 code [0x0000015bb1d775a0, 0x0000015bb1d77b08]
Event: 14.887 Thread 0x0000015bc70d2000 3074       3       jdk.nio.zipfs.ZipFileAttributeView::get (46 bytes)
Event: 14.888 Thread 0x0000015bc70d2000 nmethod 3074 0x0000015bb1d77c90 code [0x0000015bb1d77e80, 0x0000015bb1d783e8]
Event: 14.888 Thread 0x0000015bc70d2000 3075       3       java.util.concurrent.TimeUnit::convert (77 bytes)
Event: 14.888 Thread 0x0000015bc70d2000 nmethod 3075 0x0000015bb1d78590 code [0x0000015bb1d787a0, 0x0000015bb1d78ae8]
Event: 14.888 Thread 0x0000015bc70d2000 3076       3       java.util.concurrent.locks.ReentrantReadWriteLock$Sync::exclusiveCount (5 bytes)
Event: 14.889 Thread 0x0000015bc70d2000 nmethod 3076 0x0000015bb1d78c90 code [0x0000015bb1d78e40, 0x0000015bb1d78f18]
Event: 14.889 Thread 0x0000015bc70d2000 3077       3       java.time.LocalTime::<init> (29 bytes)
Event: 14.889 Thread 0x0000015bc70d2000 nmethod 3077 0x0000015bb1d78f90 code [0x0000015bb1d79140, 0x0000015bb1d792b8]
Event: 14.889 Thread 0x0000015bc70d2000 3078       3       jdk.nio.zipfs.ZipFileSystem$IndexNode::as (7 bytes)
Event: 14.889 Thread 0x0000015bc70d2000 nmethod 3078 0x0000015bb1d79390 code [0x0000015bb1d79560, 0x0000015bb1d79768]
Event: 14.889 Thread 0x0000015bc70d2000 3081       3       java.lang.ThreadLocal$ThreadLocalMap::getEntryAfterMiss (63 bytes)

GC Heap History (8 events):
Event: 1.304 GC heap before
{Heap before GC invocations=0 (full 0):
 garbage-first heap   total 194560K, used 29696K [0x00000000a0000000, 0x0000000100000000)
  region size 1024K, 24 young (24576K), 0 survivors (0K)
 Metaspace       used 9749K, capacity 9896K, committed 10112K, reserved 1058816K
  class space    used 1011K, capacity 1069K, committed 1152K, reserved 1048576K
}
Event: 1.310 GC heap after
{Heap after GC invocations=1 (full 0):
 garbage-first heap   total 194560K, used 9228K [0x00000000a0000000, 0x0000000100000000)
  region size 1024K, 3 young (3072K), 3 survivors (3072K)
 Metaspace       used 9749K, capacity 9896K, committed 10112K, reserved 1058816K
  class space    used 1011K, capacity 1069K, committed 1152K, reserved 1048576K
}
Event: 9.612 GC heap before
{Heap before GC invocations=1 (full 0):
 garbage-first heap   total 194560K, used 109580K [0x00000000a0000000, 0x0000000100000000)
  region size 1024K, 102 young (104448K), 3 survivors (3072K)
 Metaspace       used 20625K, capacity 21068K, committed 21248K, reserved 1067008K
  class space    used 2509K, capacity 2691K, committed 2816K, reserved 1048576K
}
Event: 9.622 GC heap after
{Heap after GC invocations=2 (full 0):
 garbage-first heap   total 194560K, used 17240K [0x00000000a0000000, 0x0000000100000000)
  region size 1024K, 11 young (11264K), 11 survivors (11264K)
 Metaspace       used 20625K, capacity 21068K, committed 21248K, reserved 1067008K
  class space    used 2509K, capacity 2691K, committed 2816K, reserved 1048576K
}
Event: 11.965 GC heap before
{Heap before GC invocations=3 (full 0):
 garbage-first heap   total 194560K, used 76632K [0x00000000a0000000, 0x0000000100000000)
  region size 1024K, 69 young (70656K), 11 survivors (11264K)
 Metaspace       used 26965K, capacity 27582K, committed 27904K, reserved 1073152K
  class space    used 3520K, capacity 3766K, committed 3840K, reserved 1048576K
}
Event: 11.973 GC heap after
{Heap after GC invocations=4 (full 0):
 garbage-first heap   total 194560K, used 19611K [0x00000000a0000000, 0x0000000100000000)
  region size 1024K, 3 young (3072K), 3 survivors (3072K)
 Metaspace       used 26965K, capacity 27582K, committed 27904K, reserved 1073152K
  class space    used 3520K, capacity 3766K, committed 3840K, reserved 1048576K
}
Event: 14.409 GC heap before
{Heap before GC invocations=4 (full 0):
 garbage-first heap   total 194560K, used 76955K [0x00000000a0000000, 0x0000000100000000)
  region size 1024K, 60 young (61440K), 3 survivors (3072K)
 Metaspace       used 35043K, capacity 35826K, committed 35840K, reserved 1081344K
  class space    used 4540K, capacity 4855K, committed 4864K, reserved 1048576K
}
Event: 14.419 GC heap after
{Heap after GC invocations=5 (full 0):
 garbage-first heap   total 194560K, used 22374K [0x00000000a0000000, 0x0000000100000000)
  region size 1024K, 6 young (6144K), 6 survivors (6144K)
 Metaspace       used 35043K, capacity 35826K, committed 35840K, reserved 1081344K
  class space    used 4540K, capacity 4855K, committed 4864K, reserved 1048576K
}

Deoptimization events (20 events):
Event: 14.569 Thread 0x0000015bc70ea800 Uncommon trap: trap_request=0xffffff4d fr.pc=0x0000015bb8da4c30 relative=0x0000000000000290
Event: 14.569 Thread 0x0000015bc70ea800 Uncommon trap: reason=unstable_if action=reinterpret pc=0x0000015bb8da4c30 method=jdk.internal.org.objectweb.asm.Type.getArgumentsAndReturnSizes(Ljava/lang/String;)I @ 136 c2
Event: 14.569 Thread 0x0000015bc70ea800 DEOPT PACKING pc=0x0000015bb8da4c30 sp=0x0000005012ff5eb0
Event: 14.569 Thread 0x0000015bc70ea800 DEOPT UNPACKING pc=0x0000015bb11a85af sp=0x0000005012ff5e48 mode 2
Event: 14.580 Thread 0x0000015bc70ea800 Uncommon trap: trap_request=0xffffff5c fr.pc=0x0000015bb8d1bb8c relative=0x0000000000000e4c
Event: 14.580 Thread 0x0000015bc70ea800 Uncommon trap: reason=speculate_null_assert action=make_not_entrant pc=0x0000015bb8d1bb8c method=jdk.internal.loader.URLClassPath$JarLoader.getResource(Ljava/lang/String;ZLjava/util/Set;)Ljdk/internal/loader/Resource; @ 17 c2
Event: 14.580 Thread 0x0000015bc70ea800 DEOPT PACKING pc=0x0000015bb8d1bb8c sp=0x0000005012ff4c80
Event: 14.580 Thread 0x0000015bc70ea800 DEOPT UNPACKING pc=0x0000015bb11a85af sp=0x0000005012ff4c28 mode 2
Event: 14.712 Thread 0x0000015bc70ea800 Uncommon trap: trap_request=0xffffff4d fr.pc=0x0000015bb8cfc378 relative=0x0000000000001478
Event: 14.712 Thread 0x0000015bc70ea800 Uncommon trap: reason=unstable_if action=reinterpret pc=0x0000015bb8cfc378 method=sun.nio.fs.WindowsPathParser.isSlash(C)Z @ 9 c2
Event: 14.712 Thread 0x0000015bc70ea800 DEOPT PACKING pc=0x0000015bb8cfc378 sp=0x0000005012ff8e10
Event: 14.712 Thread 0x0000015bc70ea800 DEOPT UNPACKING pc=0x0000015bb11a85af sp=0x0000005012ff8da0 mode 2
Event: 14.712 Thread 0x0000015bc70ea800 Uncommon trap: trap_request=0xffffff4d fr.pc=0x0000015bb8c895dc relative=0x000000000000003c
Event: 14.712 Thread 0x0000015bc70ea800 Uncommon trap: reason=unstable_if action=reinterpret pc=0x0000015bb8c895dc method=sun.nio.fs.WindowsPathParser.isSlash(C)Z @ 9 c2
Event: 14.712 Thread 0x0000015bc70ea800 DEOPT PACKING pc=0x0000015bb8c895dc sp=0x0000005012ff8e10
Event: 14.712 Thread 0x0000015bc70ea800 DEOPT UNPACKING pc=0x0000015bb11a85af sp=0x0000005012ff8d98 mode 2
Event: 14.764 Thread 0x0000015bc70ea800 Uncommon trap: trap_request=0xffffffc6 fr.pc=0x0000015bb8dac034 relative=0x00000000000058d4
Event: 14.764 Thread 0x0000015bc70ea800 Uncommon trap: reason=bimorphic_or_optimized_type_check action=maybe_recompile pc=0x0000015bb8dac034 method=java.net.URL.<init>(Ljava/net/URL;Ljava/lang/String;Ljava/net/URLStreamHandler;)V @ 504 c2
Event: 14.764 Thread 0x0000015bc70ea800 DEOPT PACKING pc=0x0000015bb8dac034 sp=0x0000005012ff7080
Event: 14.764 Thread 0x0000015bc70ea800 DEOPT UNPACKING pc=0x0000015bb11a85af sp=0x0000005012ff7020 mode 2

Classes redefined (0 events):
No events

Internal exceptions (20 events):
Event: 12.601 Thread 0x0000015bc70ea800 Exception <a 'java/lang/NoSuchMethodError'{0x00000000aa855510}: 'java.lang.Object java.lang.invoke.Invokers$Holder.linkToTargetMethod(java.lang.Object, java.lang.Object, java.lang.Object, java.lang.Object, java.lang.Object, java.lang.Object, java.lang.Object, java.lang.Object, java.lang.Object, java.lang.Object, java.lang.Object)'> (0x00000000aa855510) thrown at [./src/hotspot/share/interpreter/linkResolver.cpp, line 773]
Event: 12.607 Thread 0x0000015bc70ea800 Exception <a 'java/lang/NoSuchMethodError'{0x00000000aa8f33b8}: 'java.lang.Object java.lang.invoke.DirectMethodHandle$Holder.invokeSpecial(java.lang.Object, java.lang.Object, java.lang.Object, java.lang.Object, java.lang.Object, java.lang.Object, java.lang.Object, java.lang.Object, java.lang.Object, java.lang.Object, java.lang.Object, java.lang.Object, java.lang.Object, java.lang.Object)'> (0x00000000aa8f33b8) thrown at [./src/hotspot/share/interpreter/linkResolver.cpp, line 773]
Event: 12.608 Thread 0x0000015bc70ea800 Exception <a 'java/lang/NoSuchMethodError'{0x00000000aa705290}: 'java.lang.Object java.lang.invoke.Invokers$Holder.linkToTargetMethod(java.lang.Object, java.lang.Object, java.lang.Object, java.lang.Object, java.lang.Object, java.lang.Object, java.lang.Object, java.lang.Object, java.lang.Object, java.lang.Object, java.lang.Object, java.lang.Object)'> (0x00000000aa705290) thrown at [./src/hotspot/share/interpreter/linkResolver.cpp, line 773]
Event: 12.628 Thread 0x0000015bc70ea800 Exception <a 'java/lang/NoSuchMethodError'{0x00000000aa7efa28}: 'java.lang.Object java.lang.invoke.DirectMethodHandle$Holder.invokeStaticInit(java.lang.Object, java.lang.Object, java.lang.Object, java.lang.Object)'> (0x00000000aa7efa28) thrown at [./src/hotspot/share/interpreter/linkResolver.cpp, line 773]
Event: 12.832 Thread 0x0000015bc70ea800 Exception <a 'java/lang/NoSuchMethodError'{0x00000000a9ef9840}: 'java.lang.Object java.lang.invoke.Invokers$Holder.linkToTargetMethod(java.lang.Object, java.lang.Object, java.lang.Object, java.lang.Object, java.lang.Object, java.lang.Object, java.lang.Object, java.lang.Object)'> (0x00000000a9ef9840) thrown at [./src/hotspot/share/interpreter/linkResolver.cpp, line 773]
Event: 12.842 Thread 0x0000015bc70ea800 Exception <a 'java/lang/IncompatibleClassChangeError'{0x00000000a9d8c020}: Found class java.lang.Object, but interface was expected> (0x00000000a9d8c020) thrown at [./src/hotspot/share/interpreter/linkResolver.cpp, line 839]
Event: 13.696 Thread 0x0000015bc70ea800 Exception <a 'java/lang/NoSuchMethodError'{0x00000000a8bad8f8}: 'void java.lang.invoke.DirectMethodHandle$Holder.invokeStaticInit(java.lang.Object, java.lang.Object, java.lang.Object)'> (0x00000000a8bad8f8) thrown at [./src/hotspot/share/interpreter/linkResolver.cpp, line 773]
Event: 13.698 Thread 0x0000015bc70ea800 Exception <a 'java/lang/NoSuchMethodError'{0x00000000a8bb4b50}: 'void java.lang.invoke.DirectMethodHandle$Holder.invokeStaticInit(java.lang.Object, java.lang.Object, java.lang.Object, java.lang.Object)'> (0x00000000a8bb4b50) thrown at [./src/hotspot/share/interpreter/linkResolver.cpp, line 773]
Event: 13.702 Thread 0x0000015bc70ea800 Exception <a 'java/lang/NoSuchMethodError'{0x00000000a8bd71a8}: 'void java.lang.invoke.DirectMethodHandle$Holder.invokeStaticInit(java.lang.Object, java.lang.Object, java.lang.Object, java.lang.Object, java.lang.Object)'> (0x00000000a8bd71a8) thrown at [./src/hotspot/share/interpreter/linkResolver.cpp, line 773]
Event: 13.752 Thread 0x0000015bc70ea800 Exception <a 'java/lang/NoSuchMethodError'{0x00000000a8a35ed0}: 'int java.lang.invoke.DirectMethodHandle$Holder.invokeStaticInit(java.lang.Object, java.lang.Object, java.lang.Object, java.lang.Object)'> (0x00000000a8a35ed0) thrown at [./src/hotspot/share/interpreter/linkResolver.cpp, line 773]
Event: 14.570 Thread 0x0000015bc70ea800 Exception <a 'java/lang/NoSuchMethodError'{0x00000000abb65390}: 'java.lang.Object java.lang.invoke.DirectMethodHandle$Holder.invokeStatic(java.lang.Object, java.lang.Object, java.lang.Object, java.lang.Object, java.lang.Object, java.lang.Object, java.lang.Object, java.lang.Object, java.lang.Object, java.lang.Object, java.lang.Object, int)'> (0x00000000abb65390) thrown at [./src/hotspot/share/interpreter/linkResolver.cpp, line 773]
Event: 14.572 Thread 0x0000015bc70ea800 Exception <a 'java/lang/NoSuchMethodError'{0x00000000abb83fb0}: 'java.lang.Object java.lang.invoke.DirectMethodHandle$Holder.invokeStatic(java.lang.Object, java.lang.Object, java.lang.Object, java.lang.Object, java.lang.Object, java.lang.Object, java.lang.Object, java.lang.Object, java.lang.Object, java.lang.Object, java.lang.Object, int, int)'> (0x00000000abb83fb0) thrown at [./src/hotspot/share/interpreter/linkResolver.cpp, line 773]
Event: 14.574 Thread 0x0000015bc70ea800 Exception <a 'java/lang/NoSuchMethodError'{0x00000000abba37e0}: 'java.lang.Object java.lang.invoke.DirectMethodHandle$Holder.invokeStatic(java.lang.Object, java.lang.Object, java.lang.Object, java.lang.Object, java.lang.Object, java.lang.Object, java.lang.Object, java.lang.Object, java.lang.Object, java.lang.Object, java.lang.Object, int, int, java.lang.Object)'> (0x00000000abba37e0) thrown at [./src/hotspot/share/interpreter/linkResolver.cpp, line 773]
Event: 14.578 Thread 0x0000015bc70ea800 Exception <a 'java/lang/NoSuchMethodError'{0x00000000abbc48d8}: 'java.lang.Object java.lang.invoke.DirectMethodHandle$Holder.invokeStatic(java.lang.Object, java.lang.Object, java.lang.Object, java.lang.Object, java.lang.Object, java.lang.Object, java.lang.Object, java.lang.Object, java.lang.Object, java.lang.Object, java.lang.Object, int, int, java.lang.Object, java.lang.Object)'> (0x00000000abbc48d8) thrown at [./src/hotspot/share/interpreter/linkResolver.cpp, line 773]
Event: 14.582 Thread 0x0000015bc70ea800 Exception <a 'java/lang/ClassNotFoundException'{0x00000000abbf60f8}: groovy/lang/ExpandoMetaClassBeanInfo> (0x00000000abbf60f8) thrown at [./src/hotspot/share/classfile/systemDictionary.cpp, line 231]
Event: 14.584 Thread 0x0000015bc70ea800 Exception <a 'java/lang/ClassNotFoundException'{0x00000000aba181a0}: groovy/lang/MetaClassImplBeanInfo> (0x00000000aba181a0) thrown at [./src/hotspot/share/classfile/systemDictionary.cpp, line 231]
Event: 14.585 Thread 0x0000015bc70ea800 Exception <a 'java/lang/ClassNotFoundException'{0x00000000aba22058}: java/lang/ObjectBeanInfo> (0x00000000aba22058) thrown at [./src/hotspot/share/classfile/systemDictionary.cpp, line 231]
Event: 14.586 Thread 0x0000015bc70ea800 Exception <a 'java/lang/ClassNotFoundException'{0x00000000aba2e380}: java/lang/ObjectCustomizer> (0x00000000aba2e380) thrown at [./src/hotspot/share/classfile/systemDictionary.cpp, line 231]
Event: 14.595 Thread 0x0000015bc70ea800 Exception <a 'java/lang/ClassNotFoundException'{0x00000000aba56de8}: groovy/lang/MetaClassImplCustomizer> (0x00000000aba56de8) thrown at [./src/hotspot/share/classfile/systemDictionary.cpp, line 231]
Event: 14.599 Thread 0x0000015bc70ea800 Exception <a 'java/lang/ClassNotFoundException'{0x00000000aba986c0}: groovy/lang/ExpandoMetaClassCustomizer> (0x00000000aba986c0) thrown at [./src/hotspot/share/classfile/systemDictionary.cpp, line 231]

Events (20 events):
Event: 14.820 loading class java/time/zone/ZoneOffsetTransition
Event: 14.820 loading class java/time/zone/ZoneOffsetTransition done
Event: 14.820 loading class java/time/chrono/IsoChronology
Event: 14.821 loading class java/time/chrono/AbstractChronology
Event: 14.865 loading class java/time/chrono/AbstractChronology done
Event: 14.865 loading class java/time/chrono/IsoChronology done
Event: 14.867 loading class java/nio/file/ClosedDirectoryStreamException
Event: 14.867 loading class java/nio/file/ClosedDirectoryStreamException done
Event: 14.867 loading class java/nio/file/DirectoryIteratorException
Event: 14.867 loading class java/nio/file/DirectoryIteratorException done
Event: 14.867 loading class java/nio/file/FileTreeWalker$DirectoryNode
Event: 14.868 loading class java/nio/file/FileTreeWalker$DirectoryNode done
Event: 14.868 loading class java/nio/file/FileTreeWalker$Event
Event: 14.868 loading class java/nio/file/FileTreeWalker$Event done
Event: 14.868 loading class java/nio/file/FileTreeWalker$EventType
Event: 14.868 loading class java/nio/file/FileTreeWalker$EventType done
Event: 14.868 loading class java/nio/file/Files$3
Event: 14.868 loading class java/nio/file/Files$3 done
Event: 14.868 loading class java/nio/file/FileVisitResult
Event: 14.869 loading class java/nio/file/FileVisitResult done


Dynamic libraries:
0x00007ff625a40000 - 0x00007ff625a4a000 	C:\Program Files\Android\Android Studio\jre\bin\java.exe
0x00007ffe6f820000 - 0x00007ffe6fa10000 	C:\windows\SYSTEM32\ntdll.dll
0x00007ffe6ef60000 - 0x00007ffe6f012000 	C:\windows\System32\KERNEL32.DLL
0x00007ffe6ce50000 - 0x00007ffe6d0f3000 	C:\windows\System32\KERNELBASE.dll
0x00007ffe6c8e0000 - 0x00007ffe6c9da000 	C:\windows\System32\ucrtbase.dll
0x00007ffe2ce00000 - 0x00007ffe2ce19000 	C:\Program Files\Android\Android Studio\jre\bin\jli.dll
0x00007ffe3fc90000 - 0x00007ffe3fca7000 	C:\Program Files\Android\Android Studio\jre\bin\VCRUNTIME140.dll
0x00007ffe6dab0000 - 0x00007ffe6dc44000 	C:\windows\System32\USER32.dll
0x00007ffe6c9e0000 - 0x00007ffe6ca01000 	C:\windows\System32\win32u.dll
0x00007ffe4ed00000 - 0x00007ffe4ef85000 	C:\windows\WinSxS\amd64_microsoft.windows.common-controls_6595b64144ccf1df_6.0.18362.693_none_e6c1b3c11311d480\COMCTL32.dll
0x00007ffe6f020000 - 0x00007ffe6f046000 	C:\windows\System32\GDI32.dll
0x00007ffe6eec0000 - 0x00007ffe6ef5e000 	C:\windows\System32\msvcrt.dll
0x00007ffe6ccb0000 - 0x00007ffe6ce44000 	C:\windows\System32\gdi32full.dll
0x00007ffe6f260000 - 0x00007ffe6f596000 	C:\windows\System32\combase.dll
0x00007ffe6ca10000 - 0x00007ffe6caae000 	C:\windows\System32\msvcp_win.dll
0x00007ffe6e640000 - 0x00007ffe6e760000 	C:\windows\System32\RPCRT4.dll
0x00007ffe6c7b0000 - 0x00007ffe6c830000 	C:\windows\System32\bcryptPrimitives.dll
0x00007ffe6da80000 - 0x00007ffe6daae000 	C:\windows\System32\IMM32.DLL
0x00007ffe2a190000 - 0x00007ffe2a22d000 	C:\Program Files\Android\Android Studio\jre\bin\msvcp140.dll
0x00007ffdff200000 - 0x00007ffdffce5000 	C:\Program Files\Android\Android Studio\jre\bin\server\jvm.dll
0x00007ffe6dc50000 - 0x00007ffe6dcf3000 	C:\windows\System32\ADVAPI32.dll
0x00007ffe6f1c0000 - 0x00007ffe6f257000 	C:\windows\System32\sechost.dll
0x00007ffe6f1b0000 - 0x00007ffe6f1b8000 	C:\windows\System32\PSAPI.DLL
0x00007ffe3a890000 - 0x00007ffe3a899000 	C:\windows\SYSTEM32\WSOCK32.dll
0x00007ffe5f360000 - 0x00007ffe5f384000 	C:\windows\SYSTEM32\WINMM.dll
0x00007ffe6f760000 - 0x00007ffe6f7cf000 	C:\windows\System32\WS2_32.dll
0x00007ffe63940000 - 0x00007ffe6394a000 	C:\windows\SYSTEM32\VERSION.dll
0x00007ffe5f300000 - 0x00007ffe5f32d000 	C:\windows\SYSTEM32\winmmbase.dll
0x00007ffe6d100000 - 0x00007ffe6d14a000 	C:\windows\System32\cfgmgr32.dll
0x00007ffe6c6e0000 - 0x00007ffe6c6f1000 	C:\windows\System32\kernel.appcore.dll
0x00007ffe2bc10000 - 0x00007ffe2bc21000 	C:\Program Files\Android\Android Studio\jre\bin\verify.dll
0x00007ffe67e70000 - 0x00007ffe68064000 	C:\windows\SYSTEM32\DBGHELP.DLL
0x00007ffe4ecd0000 - 0x00007ffe4ecfa000 	C:\windows\SYSTEM32\dbgcore.DLL
0x00007ffe2bbe0000 - 0x00007ffe2bc09000 	C:\Program Files\Android\Android Studio\jre\bin\java.dll
0x00007ffe659c0000 - 0x00007ffe659cb000 	C:\Program Files\Android\Android Studio\jre\bin\jimage.dll
0x00007ffe2b820000 - 0x00007ffe2b838000 	C:\Program Files\Android\Android Studio\jre\bin\zip.dll
0x00007ffe6df50000 - 0x00007ffe6e636000 	C:\windows\System32\SHELL32.dll
0x00007ffe6ebd0000 - 0x00007ffe6ec79000 	C:\windows\System32\shcore.dll
0x00007ffe6d150000 - 0x00007ffe6d8d0000 	C:\windows\System32\windows.storage.dll
0x00007ffe6c750000 - 0x00007ffe6c779000 	C:\windows\System32\Wldp.dll
0x00007ffe6cb00000 - 0x00007ffe6cc49000 	C:\windows\System32\CRYPT32.dll
0x00007ffe6c6c0000 - 0x00007ffe6c6d2000 	C:\windows\System32\MSASN1.dll
0x00007ffe6cc50000 - 0x00007ffe6ccac000 	C:\windows\System32\WINTRUST.dll
0x00007ffe6c780000 - 0x00007ffe6c7a3000 	C:\windows\System32\profapi.dll
0x00007ffe6c700000 - 0x00007ffe6c74a000 	C:\windows\System32\powrprof.dll
0x00007ffe6c6b0000 - 0x00007ffe6c6c0000 	C:\windows\System32\UMPDC.dll
0x00007ffe6def0000 - 0x00007ffe6df42000 	C:\windows\System32\shlwapi.dll
0x00007ffe6cab0000 - 0x00007ffe6cac7000 	C:\windows\System32\cryptsp.dll
0x00007ffe2b4e0000 - 0x00007ffe2b4fa000 	C:\Program Files\Android\Android Studio\jre\bin\net.dll
0x00007ffe5c290000 - 0x00007ffe5c381000 	C:\windows\SYSTEM32\WINHTTP.dll
0x00007ffe6bef0000 - 0x00007ffe6bf57000 	C:\windows\system32\mswsock.dll
0x00007ffe2b4c0000 - 0x00007ffe2b4d4000 	C:\Program Files\Android\Android Studio\jre\bin\nio.dll
0x00007ffe2b490000 - 0x00007ffe2b4b7000 	C:\Users\Michelle\.gradle\native\e1d6ef7f7dcc3fd88c89a11ec53ec762bb8ba0a96d01ffa2cd45eb1d1d8dd5c5\windows-amd64\native-platform.dll
0x00007ffe2ccb0000 - 0x00007ffe2cdf4000 	C:\Users\Michelle\.gradle\native\0d407fdbe67a94daf76414ababcb853783967236a71b16ec16e742cd7a986fd3\windows-amd64\native-platform-file-events.dll
0x00007ffe51700000 - 0x00007ffe5170a000 	C:\Program Files\Android\Android Studio\jre\bin\management.dll
0x00007ffe51550000 - 0x00007ffe5155d000 	C:\Program Files\Android\Android Studio\jre\bin\management_ext.dll
0x00007ffe6ba60000 - 0x00007ffe6ba93000 	C:\windows\system32\rsaenh.dll
0x00007ffe6cad0000 - 0x00007ffe6caf6000 	C:\windows\System32\bcrypt.dll
0x00007ffe6c5a0000 - 0x00007ffe6c5c5000 	C:\windows\SYSTEM32\USERENV.dll
0x00007ffe6c0c0000 - 0x00007ffe6c0cc000 	C:\windows\SYSTEM32\CRYPTBASE.dll
0x00007ffe6bc00000 - 0x00007ffe6bc3a000 	C:\windows\SYSTEM32\IPHLPAPI.DLL
0x00007ffe6f7d0000 - 0x00007ffe6f7d8000 	C:\windows\System32\NSI.dll
0x00007ffe638f0000 - 0x00007ffe63906000 	C:\windows\SYSTEM32\dhcpcsvc6.DLL
0x00007ffe638d0000 - 0x00007ffe638ec000 	C:\windows\SYSTEM32\dhcpcsvc.DLL
0x00007ffe6bc40000 - 0x00007ffe6bd0a000 	C:\windows\SYSTEM32\DNSAPI.dll

dbghelp: loaded successfully - version: 4.0.5 - missing functions: none
symbol engine: initialized successfully - sym options: 0x614 - pdb path: .;C:\Program Files\Android\Android Studio\jre\bin;C:\windows\SYSTEM32;C:\windows\WinSxS\amd64_microsoft.windows.common-controls_6595b64144ccf1df_6.0.18362.693_none_e6c1b3c11311d480;C:\Program Files\Android\Android Studio\jre\bin\server;C:\Users\Michelle\.gradle\native\e1d6ef7f7dcc3fd88c89a11ec53ec762bb8ba0a96d01ffa2cd45eb1d1d8dd5c5\windows-amd64;C:\Users\Michelle\.gradle\native\0d407fdbe67a94daf76414ababcb853783967236a71b16ec16e742cd7a986fd3\windows-amd64

VM Arguments:
jvm_args: --add-opens=java.base/java.util=ALL-UNNAMED --add-opens=java.base/java.lang=ALL-UNNAMED --add-opens=java.base/java.lang.invoke=ALL-UNNAMED --add-opens=java.base/java.util=ALL-UNNAMED --add-opens=java.prefs/java.util.prefs=ALL-UNNAMED --add-opens=java.prefs/java.util.prefs=ALL-UNNAMED --add-opens=java.base/java.nio.charset=ALL-UNNAMED --add-opens=java.base/java.net=ALL-UNNAMED --add-opens=java.base/java.util.concurrent.atomic=ALL-UNNAMED -Xmx1536M -Dfile.encoding=windows-1252 -Duser.country=US -Duser.language=en -Duser.variant 
java_command: org.gradle.launcher.daemon.bootstrap.GradleDaemon 7.5
java_class_path (initial): C:\Users\Michelle\.gradle\wrapper\dists\gradle-7.5-all\6qsw290k5lz422uaf8jf6m7co\gradle-7.5\lib\gradle-launcher-7.5.jar
Launcher Type: SUN_STANDARD

[Global flags]
     intx CICompilerCount                          = 4                                         {product} {ergonomic}
     uint ConcGCThreads                            = 2                                         {product} {ergonomic}
     uint G1ConcRefinementThreads                  = 8                                         {product} {ergonomic}
   size_t G1HeapRegionSize                         = 1048576                                   {product} {ergonomic}
    uintx GCDrainStackTargetSize                   = 64                                        {product} {ergonomic}
   size_t InitialHeapSize                          = 199229440                                 {product} {ergonomic}
   size_t MarkStackSize                            = 4194304                                   {product} {ergonomic}
   size_t MaxHeapSize                              = 1610612736                                {product} {command line}
   size_t MaxNewSize                               = 965738496                                 {product} {ergonomic}
   size_t MinHeapDeltaBytes                        = 1048576                                   {product} {ergonomic}
    uintx NonNMethodCodeHeapSize                   = 5836300                                {pd product} {ergonomic}
    uintx NonProfiledCodeHeapSize                  = 122910970                              {pd product} {ergonomic}
    uintx ProfiledCodeHeapSize                     = 122910970                              {pd product} {ergonomic}
    uintx ReservedCodeCacheSize                    = 251658240                              {pd product} {ergonomic}
     bool SegmentedCodeCache                       = true                                      {product} {ergonomic}
     bool UseCompressedClassPointers               = true                                 {lp64_product} {ergonomic}
     bool UseCompressedOops                        = true                                 {lp64_product} {ergonomic}
     bool UseG1GC                                  = true                                      {product} {ergonomic}
     bool UseLargePagesIndividualAllocation        = false                                  {pd product} {ergonomic}

Logging:
Log output configuration:
 #0: stdout all=warning uptime,level,tags
 #1: stderr all=off uptime,level,tags

Environment Variables:
JAVA_HOME=C:\Program Files\Android\Android Studio\jre
CLASSPATH=C:\Users\Michelle\Documents\GitHub\ashlife\android\\gradle\wrapper\gradle-wrapper.jar
PATH=C:\src\flutter\bin\;C:\Program Files\Common Files\Oracle\Java\javapath;C:\Program Files (x86)\Embarcadero\Studio\22.0\bin;C:\Users\Public\Documents\Embarcadero\Studio\22.0\Bpl;C:\Program Files (x86)\Embarcadero\Studio\22.0\bin64;C:\Users\Public\Documents\Embarcadero\Studio\22.0\Bpl\Win64;C:\windows\system32;C:\windows;C:\windows\System32\Wbem;C:\windows\System32\WindowsPowerShell\v1.0\;C:\windows\System32\OpenSSH\;C:\Program Files\Microsoft SQL Server\110\Tools\Binn\;C:\Users\Michelle\Documents\apache-cassandra-3.11.12\bin;C:\Users\Michelle\Python27;C:\Program Files\nodejs\;C:\ProgramData\chocolatey\bin;C:\apache-cassandra-3.11.12\bin;C:\Program Files\Java\jdk-17.0.1\bin;C:\Program Files (x86)\dotnet\;C:\apache-ant-1.9.16\bin;C:\Program Files \Common Files\Oracle\Java\javapath;C:\Program Files\Java\jdk1.8.0_73\bin;C:\Users\Michelle\Desktop\4GI\4GI\Niveau 4\Semestre 1\grammaire et langage\sablecc-3.7\sablecc-3.7\bin\bin;C:\src\flutter\bin;C:\Users\Michelle\AppData\Local\Microsoft\WindowsApps;C:\Users\Michelle\AppData\Roaming\npm;C:\Users\Michelle\AppData\Local\Programs\Git\cmd;C:\Users\Michelle\AppData\Local\Programs\Microsoft VS Code\bin;C:\Users\Michelle\AppData\Local\GitHubDesktop\bin;C:\src\flutter\bin\mingit\cmd
USERNAME=Michelle
LANG=en_US.UTF-8
OS=Windows_NT
PROCESSOR_IDENTIFIER=Intel64 Family 6 Model 126 Stepping 5, GenuineIntel



---------------  S Y S T E M  ---------------

OS: Windows 10 , 64 bit Build 18362 (10.0.18362.329)
OS uptime: 0 days 23:01 hours

CPU:total 8 (initial active 8) (4 cores per cpu, 2 threads per core) family 6 model 126 stepping 5 microcode 0xa6, cmov, cx8, fxsr, mmx, sse, sse2, sse3, ssse3, sse4.1, sse4.2, popcnt, avx, avx2, aes, clmul, erms, 3dnowpref, lzcnt, ht, tsc, tscinvbit, bmi1, bmi2, adx, evex, sha, fma

Memory: 4k page, system-wide physical 12069M (2986M free)
TotalPageFile size 17119M (AvailPageFile size 1M)
current process WorkingSet (physical memory assigned to process): 267M, peak: 267M
current process commit charge ("private bytes"): 371M, peak: 371M

vm_info: OpenJDK 64-Bit Server VM (11.0.12+7-b1504.28-7817840) for windows-amd64 JRE (11.0.12+7-b1504.28-7817840), built on Oct 13 2021 22:12:33 by "builder" with MS VC++ 14.0 (VS2015)

END.
