#
# There is insufficient memory for the Java Runtime Environment to continue.
# Native memory allocation (malloc) failed to allocate 816176 bytes for Chunk::new
# Possible reasons:
#   The system is out of physical RAM or swap space
#   The process is running with CompressedOops enabled, and the Java Heap may be blocking the growth of the native heap
# Possible solutions:
#   Reduce memory load on the system
#   Increase physical memory or swap space
#   Check if swap backing store is full
#   Decrease Java heap size (-Xmx/-Xms)
#   Decrease number of Java threads
#   Decrease Java thread stack sizes (-Xss)
#   Set larger code cache with -XX:ReservedCodeCacheSize=
#   JVM is running with Unscaled Compressed Oops mode in which the Java heap is
#     placed in the first 4GB address space. The Java Heap base address is the
#     maximum limit for the native heap growth. Please use -XX:HeapBaseMinAddress
#     to set the Java Heap base and to place the Java Heap above 4GB virtual address.
# This output file may be truncated or incomplete.
#
#  Out of Memory Error (./src/hotspot/share/memory/arena.cpp:197), pid=16240, tid=2956
#
# JRE version: OpenJDK Runtime Environment (11.0.12+7) (build 11.0.12+7-b1504.28-7817840)
# Java VM: OpenJDK 64-Bit Server VM (11.0.12+7-b1504.28-7817840, mixed mode, tiered, compressed oops, g1 gc, windows-amd64)
# No core dump will be written. Minidumps are not enabled by default on client versions of Windows
#

---------------  S U M M A R Y ------------

Command Line: --add-opens=java.base/java.util=ALL-UNNAMED --add-opens=java.base/java.lang=ALL-UNNAMED --add-opens=java.base/java.lang.invoke=ALL-UNNAMED --add-opens=java.base/java.util=ALL-UNNAMED --add-opens=java.prefs/java.util.prefs=ALL-UNNAMED --add-opens=java.prefs/java.util.prefs=ALL-UNNAMED --add-opens=java.base/java.nio.charset=ALL-UNNAMED --add-opens=java.base/java.net=ALL-UNNAMED --add-opens=java.base/java.util.concurrent.atomic=ALL-UNNAMED -Xmx1536M -Dfile.encoding=windows-1252 -Duser.country=US -Duser.language=en -Duser.variant org.gradle.launcher.daemon.bootstrap.GradleDaemon 7.5

Host: Intel(R) Core(TM) i5-1035G1 CPU @ 1.00GHz, 8 cores, 11G,  Windows 10 , 64 bit Build 18362 (10.0.18362.329)
Time: Mon Jul 31 17:18:22 2023 W. Central Africa Standard Time elapsed time: 7.402837 seconds (0d 0h 0m 7s)

---------------  T H R E A D  ---------------

Current thread (0x00000280b6716000):  JavaThread "C2 CompilerThread0" daemon [_thread_in_native, id=2956, stack(0x000000cd3ce00000,0x000000cd3cf00000)]


Current CompileTask:
C2:   7402 2256       4       java.net.URLClassLoader$1::run (5 bytes)

Stack: [0x000000cd3ce00000,0x000000cd3cf00000]
Native frames: (J=compiled Java code, j=interpreted, Vv=VM code, C=native code)
V  [jvm.dll+0x5fbcea]
V  [jvm.dll+0x731905]
V  [jvm.dll+0x732f1d]
V  [jvm.dll+0x7335d3]
V  [jvm.dll+0x247bf8]
V  [jvm.dll+0xc018c]
V  [jvm.dll+0xc06cc]
V  [jvm.dll+0x2bcc04]
V  [jvm.dll+0x5113a8]
V  [jvm.dll+0x201d61]
V  [jvm.dll+0x1ff71f]
V  [jvm.dll+0x18868c]
V  [jvm.dll+0x20e0d7]
V  [jvm.dll+0x20c901]
V  [jvm.dll+0x6f9b7f]
V  [jvm.dll+0x6f26a5]
V  [jvm.dll+0x5fabf6]
C  [ucrtbase.dll+0x20e72]
C  [KERNEL32.DLL+0x17bd4]
C  [ntdll.dll+0x6ced1]


---------------  P R O C E S S  ---------------

Threads class SMR info:
_java_thread_list=0x00000280b781a520, length=26, elements={
0x000002809cce0000, 0x00000280b66c3800, 0x00000280b5e89000, 0x00000280b670b800,
0x00000280b670e800, 0x00000280b6713000, 0x00000280b6716000, 0x00000280b6717000,
0x00000280b671b800, 0x00000280b688a000, 0x00000280b8c08800, 0x00000280b996a000,
0x00000280b943f000, 0x00000280b7d08800, 0x00000280b7d04800, 0x00000280b7d05000,
0x00000280b9b58800, 0x00000280b7ba6800, 0x00000280b93e7800, 0x00000280b9e2f800,
0x00000280b9e2c000, 0x00000280b9e29800, 0x00000280b9e2e800, 0x00000280ba033800,
0x00000280b9e30000, 0x00000280b9e2a800
}

Java Threads: ( => current thread )
  0x000002809cce0000 JavaThread "main" [_thread_blocked, id=17916, stack(0x000000cd3c200000,0x000000cd3c300000)]
  0x00000280b66c3800 JavaThread "Reference Handler" daemon [_thread_blocked, id=14248, stack(0x000000cd3c900000,0x000000cd3ca00000)]
  0x00000280b5e89000 JavaThread "Finalizer" daemon [_thread_blocked, id=10084, stack(0x000000cd3ca00000,0x000000cd3cb00000)]
  0x00000280b670b800 JavaThread "Signal Dispatcher" daemon [_thread_blocked, id=3296, stack(0x000000cd3cb00000,0x000000cd3cc00000)]
  0x00000280b670e800 JavaThread "Attach Listener" daemon [_thread_blocked, id=17872, stack(0x000000cd3cc00000,0x000000cd3cd00000)]
  0x00000280b6713000 JavaThread "Service Thread" daemon [_thread_blocked, id=1728, stack(0x000000cd3cd00000,0x000000cd3ce00000)]
=>0x00000280b6716000 JavaThread "C2 CompilerThread0" daemon [_thread_in_native, id=2956, stack(0x000000cd3ce00000,0x000000cd3cf00000)]
  0x00000280b6717000 JavaThread "C1 CompilerThread0" daemon [_thread_blocked, id=5684, stack(0x000000cd3cf00000,0x000000cd3d000000)]
  0x00000280b671b800 JavaThread "Sweeper thread" daemon [_thread_blocked, id=11668, stack(0x000000cd3d000000,0x000000cd3d100000)]
  0x00000280b688a000 JavaThread "Common-Cleaner" daemon [_thread_blocked, id=17540, stack(0x000000cd3d100000,0x000000cd3d200000)]
  0x00000280b8c08800 JavaThread "Daemon health stats" [_thread_blocked, id=17844, stack(0x000000cd3d700000,0x000000cd3d800000)]
  0x00000280b996a000 JavaThread "Incoming local TCP Connector on port 53046" [_thread_in_native, id=1484, stack(0x000000cd3d300000,0x000000cd3d400000)]
  0x00000280b943f000 JavaThread "Daemon periodic checks" [_thread_blocked, id=11032, stack(0x000000cd3d800000,0x000000cd3d900000)]
  0x00000280b7d08800 JavaThread "Daemon" [_thread_blocked, id=16136, stack(0x000000cd3d900000,0x000000cd3da00000)]
  0x00000280b7d04800 JavaThread "Handler for socket connection from /127.0.0.1:53046 to /127.0.0.1:53047" [_thread_in_native, id=6876, stack(0x000000cd3da00000,0x000000cd3db00000)]
  0x00000280b7d05000 JavaThread "Cancel handler" [_thread_blocked, id=15732, stack(0x000000cd3db00000,0x000000cd3dc00000)]
  0x00000280b9b58800 JavaThread "Daemon worker" [_thread_blocked, id=12656, stack(0x000000cd3dc00000,0x000000cd3dd00000)]
  0x00000280b7ba6800 JavaThread "Asynchronous log dispatcher for DefaultDaemonConnection: socket connection from /127.0.0.1:53046 to /127.0.0.1:53047" [_thread_blocked, id=15368, stack(0x000000cd3dd00000,0x000000cd3de00000)]
  0x00000280b93e7800 JavaThread "Stdin handler" [_thread_blocked, id=2732, stack(0x000000cd3de00000,0x000000cd3df00000)]
  0x00000280b9e2f800 JavaThread "Daemon client event forwarder" [_thread_blocked, id=13780, stack(0x000000cd3df00000,0x000000cd3e000000)]
  0x00000280b9e2c000 JavaThread "Cache worker for journal cache (C:\Users\Michelle\.gradle\caches\journal-1)" [_thread_blocked, id=10544, stack(0x000000cd3e000000,0x000000cd3e100000)]
  0x00000280b9e29800 JavaThread "File lock request listener" [_thread_in_native, id=13420, stack(0x000000cd3e100000,0x000000cd3e200000)]
  0x00000280b9e2e800 JavaThread "Cache worker for file hash cache (C:\Users\Michelle\.gradle\caches\7.5\fileHashes)" [_thread_blocked, id=6156, stack(0x000000cd3e200000,0x000000cd3e300000)]
  0x00000280ba033800 JavaThread "C2 CompilerThread1" daemon [_thread_in_native, id=3180, stack(0x000000cd3e800000,0x000000cd3e900000)]
  0x00000280b9e30000 JavaThread "File watcher server" daemon [_thread_in_native, id=14816, stack(0x000000cd3e900000,0x000000cd3ea00000)]
  0x00000280b9e2a800 JavaThread "File watcher consumer" daemon [_thread_blocked, id=2508, stack(0x000000cd3ea00000,0x000000cd3eb00000)]

Other Threads:
  0x00000280b5e7d800 VMThread "VM Thread" [stack: 0x000000cd3c800000,0x000000cd3c900000] [id=7308]
  0x00000280b68ad800 WatcherThread [stack: 0x000000cd3d200000,0x000000cd3d300000] [id=10460]
  0x000002809ccf9800 GCTaskThread "GC Thread#0" [stack: 0x000000cd3c300000,0x000000cd3c400000] [id=17336]
  0x00000280b765a800 GCTaskThread "GC Thread#1" [stack: 0x000000cd3d400000,0x000000cd3d500000] [id=13208]
  0x00000280b7542000 GCTaskThread "GC Thread#2" [stack: 0x000000cd3d500000,0x000000cd3d600000] [id=14956]
  0x00000280b6c6e800 GCTaskThread "GC Thread#3" [stack: 0x000000cd3d600000,0x000000cd3d700000] [id=3708]
  0x00000280b79ea000 GCTaskThread "GC Thread#4" [stack: 0x000000cd3e300000,0x000000cd3e400000] [id=9476]
  0x00000280b78f2000 GCTaskThread "GC Thread#5" [stack: 0x000000cd3e400000,0x000000cd3e500000] [id=2148]
  0x00000280b7a53800 GCTaskThread "GC Thread#6" [stack: 0x000000cd3e500000,0x000000cd3e600000] [id=4652]
  0x00000280b92cd800 GCTaskThread "GC Thread#7" [stack: 0x000000cd3e600000,0x000000cd3e700000] [id=14456]
  0x000002809cd21800 ConcurrentGCThread "G1 Main Marker" [stack: 0x000000cd3c400000,0x000000cd3c500000] [id=7788]
  0x000002809cd23000 ConcurrentGCThread "G1 Conc#0" [stack: 0x000000cd3c500000,0x000000cd3c600000] [id=5956]
  0x00000280b754d800 ConcurrentGCThread "G1 Conc#1" [stack: 0x000000cd3e700000,0x000000cd3e800000] [id=17400]
  0x000002809cdad800 ConcurrentGCThread "G1 Refine#0" [stack: 0x000000cd3c600000,0x000000cd3c700000] [id=17828]
  0x00000280b5ce6800 ConcurrentGCThread "G1 Young RemSet Sampling" [stack: 0x000000cd3c700000,0x000000cd3c800000] [id=10868]

Threads with active compile tasks:
C2 CompilerThread0   7605 2256       4       java.net.URLClassLoader$1::run (5 bytes)
C2 CompilerThread1   7605 2257   !   4       java.net.URLClassLoader$1::run (63 bytes)

VM state:at safepoint (normal execution)

VM Mutex/Monitor currently owned by a thread:  ([mutex/lock_event])
[0x000002809ccdc0f0] Threads_lock - owner thread: 0x00000280b5e7d800
[0x000002809ccdc9f0] Heap_lock - owner thread: 0x00000280b9b58800

Heap address: 0x00000000a0000000, size: 1536 MB, Compressed Oops mode: 32-bit
Narrow klass base: 0x0000000000000000, Narrow klass shift: 3
Compressed class space size: 1073741824 Address: 0x0000000100000000

Heap:
 garbage-first heap   total 194560K, used 18736K [0x00000000a0000000, 0x0000000100000000)
  region size 1024K, 3 young (3072K), 3 survivors (3072K)
 Metaspace       used 26393K, capacity 26963K, committed 27008K, reserved 1083392K
  class space    used 3455K, capacity 3667K, committed 3712K, reserved 1048576K
Heap Regions: E=young(eden), S=young(survivor), O=old, HS=humongous(starts), HC=humongous(continues), CS=collection set, F=free, A=archive, TAMS=top-at-mark-start (previous, next)
|   0|0x00000000a0000000, 0x00000000a0100000, 0x00000000a0100000|100%| O|  |TAMS 0x00000000a0000000, 0x00000000a0100000| Untracked 
|   1|0x00000000a0100000, 0x00000000a0200000, 0x00000000a0200000|100%| O|  |TAMS 0x00000000a0100000, 0x00000000a0200000| Untracked 
|   2|0x00000000a0200000, 0x00000000a0300000, 0x00000000a0300000|100%| O|  |TAMS 0x00000000a0200000, 0x00000000a0300000| Untracked 
|   3|0x00000000a0300000, 0x00000000a0400000, 0x00000000a0400000|100%|HS|  |TAMS 0x00000000a0400000, 0x00000000a0400000| Complete 
|   4|0x00000000a0400000, 0x00000000a0500000, 0x00000000a0500000|100%|HC|  |TAMS 0x00000000a0500000, 0x00000000a0500000| Complete 
|   5|0x00000000a0500000, 0x00000000a0600000, 0x00000000a0600000|100%|HC|  |TAMS 0x00000000a0600000, 0x00000000a0600000| Complete 
|   6|0x00000000a0600000, 0x00000000a0700000, 0x00000000a0700000|100%| O|  |TAMS 0x00000000a0700000, 0x00000000a0700000| Untracked 
|   7|0x00000000a0700000, 0x00000000a0800000, 0x00000000a0800000|100%| O|  |TAMS 0x00000000a0800000, 0x00000000a0800000| Untracked 
|   8|0x00000000a0800000, 0x00000000a0900000, 0x00000000a0900000|100%| O|  |TAMS 0x00000000a08fa200, 0x00000000a0900000| Untracked 
|   9|0x00000000a0900000, 0x00000000a0a00000, 0x00000000a0a00000|100%| O|  |TAMS 0x00000000a0900000, 0x00000000a0a00000| Untracked 
|  10|0x00000000a0a00000, 0x00000000a0b00000, 0x00000000a0b00000|100%| O|  |TAMS 0x00000000a0a00000, 0x00000000a0b00000| Untracked 
|  11|0x00000000a0b00000, 0x00000000a0c00000, 0x00000000a0c00000|100%| O|  |TAMS 0x00000000a0b00000, 0x00000000a0c00000| Untracked 
|  12|0x00000000a0c00000, 0x00000000a0d00000, 0x00000000a0d00000|100%| O|  |TAMS 0x00000000a0c00000, 0x00000000a0d00000| Untracked 
|  13|0x00000000a0d00000, 0x00000000a0e00000, 0x00000000a0e00000|100%| O|  |TAMS 0x00000000a0d00000, 0x00000000a0e00000| Untracked 
|  14|0x00000000a0e00000, 0x00000000a0f00000, 0x00000000a0f00000|100%| O|  |TAMS 0x00000000a0e00000, 0x00000000a0f00000| Untracked 
|  15|0x00000000a0f00000, 0x00000000a0ffb800, 0x00000000a1000000| 98%| O|  |TAMS 0x00000000a0f00000, 0x00000000a0ffb800| Untracked 
|  16|0x00000000a1000000, 0x00000000a1000000, 0x00000000a1100000|  0%| F|  |TAMS 0x00000000a1000000, 0x00000000a1000000| Untracked 
|  17|0x00000000a1100000, 0x00000000a1100000, 0x00000000a1200000|  0%| F|  |TAMS 0x00000000a1100000, 0x00000000a1100000| Untracked 
|  18|0x00000000a1200000, 0x00000000a1200000, 0x00000000a1300000|  0%| F|  |TAMS 0x00000000a1200000, 0x00000000a1200000| Untracked 
|  19|0x00000000a1300000, 0x00000000a1300000, 0x00000000a1400000|  0%| F|  |TAMS 0x00000000a1300000, 0x00000000a1300000| Untracked 
|  20|0x00000000a1400000, 0x00000000a1400000, 0x00000000a1500000|  0%| F|  |TAMS 0x00000000a1400000, 0x00000000a1400000| Untracked 
|  21|0x00000000a1500000, 0x00000000a1500000, 0x00000000a1600000|  0%| F|  |TAMS 0x00000000a1500000, 0x00000000a1500000| Untracked 
|  22|0x00000000a1600000, 0x00000000a1600000, 0x00000000a1700000|  0%| F|  |TAMS 0x00000000a1600000, 0x00000000a1600000| Untracked 
|  23|0x00000000a1700000, 0x00000000a1700000, 0x00000000a1800000|  0%| F|  |TAMS 0x00000000a1700000, 0x00000000a1700000| Untracked 
|  24|0x00000000a1800000, 0x00000000a1800000, 0x00000000a1900000|  0%| F|  |TAMS 0x00000000a1800000, 0x00000000a1800000| Untracked 
|  25|0x00000000a1900000, 0x00000000a1900000, 0x00000000a1a00000|  0%| F|  |TAMS 0x00000000a1900000, 0x00000000a1900000| Untracked 
|  26|0x00000000a1a00000, 0x00000000a1a00000, 0x00000000a1b00000|  0%| F|  |TAMS 0x00000000a1a00000, 0x00000000a1a00000| Untracked 
|  27|0x00000000a1b00000, 0x00000000a1b00000, 0x00000000a1c00000|  0%| F|  |TAMS 0x00000000a1b00000, 0x00000000a1b00000| Untracked 
|  28|0x00000000a1c00000, 0x00000000a1c00000, 0x00000000a1d00000|  0%| F|  |TAMS 0x00000000a1c00000, 0x00000000a1c00000| Untracked 
|  29|0x00000000a1d00000, 0x00000000a1d00000, 0x00000000a1e00000|  0%| F|  |TAMS 0x00000000a1d00000, 0x00000000a1d00000| Untracked 
|  30|0x00000000a1e00000, 0x00000000a1e00000, 0x00000000a1f00000|  0%| F|  |TAMS 0x00000000a1e00000, 0x00000000a1e00000| Untracked 
|  31|0x00000000a1f00000, 0x00000000a1f00000, 0x00000000a2000000|  0%| F|  |TAMS 0x00000000a1f00000, 0x00000000a1f00000| Untracked 
|  32|0x00000000a2000000, 0x00000000a2000000, 0x00000000a2100000|  0%| F|  |TAMS 0x00000000a2000000, 0x00000000a2000000| Untracked 
|  33|0x00000000a2100000, 0x00000000a2100000, 0x00000000a2200000|  0%| F|  |TAMS 0x00000000a2100000, 0x00000000a2100000| Untracked 
|  34|0x00000000a2200000, 0x00000000a2200000, 0x00000000a2300000|  0%| F|  |TAMS 0x00000000a2200000, 0x00000000a2200000| Untracked 
|  35|0x00000000a2300000, 0x00000000a2300000, 0x00000000a2400000|  0%| F|  |TAMS 0x00000000a2300000, 0x00000000a2300000| Untracked 
|  36|0x00000000a2400000, 0x00000000a2400000, 0x00000000a2500000|  0%| F|  |TAMS 0x00000000a2400000, 0x00000000a2400000| Untracked 
|  37|0x00000000a2500000, 0x00000000a2500000, 0x00000000a2600000|  0%| F|  |TAMS 0x00000000a2500000, 0x00000000a2500000| Untracked 
|  38|0x00000000a2600000, 0x00000000a2600000, 0x00000000a2700000|  0%| F|  |TAMS 0x00000000a2600000, 0x00000000a2600000| Untracked 
|  39|0x00000000a2700000, 0x00000000a2700000, 0x00000000a2800000|  0%| F|  |TAMS 0x00000000a2700000, 0x00000000a2700000| Untracked 
|  40|0x00000000a2800000, 0x00000000a2800000, 0x00000000a2900000|  0%| F|  |TAMS 0x00000000a2800000, 0x00000000a2800000| Untracked 
|  41|0x00000000a2900000, 0x00000000a2900000, 0x00000000a2a00000|  0%| F|  |TAMS 0x00000000a2900000, 0x00000000a2900000| Untracked 
|  42|0x00000000a2a00000, 0x00000000a2a00000, 0x00000000a2b00000|  0%| F|  |TAMS 0x00000000a2a00000, 0x00000000a2a00000| Untracked 
|  43|0x00000000a2b00000, 0x00000000a2b00000, 0x00000000a2c00000|  0%| F|  |TAMS 0x00000000a2b00000, 0x00000000a2b00000| Untracked 
|  44|0x00000000a2c00000, 0x00000000a2c00000, 0x00000000a2d00000|  0%| F|  |TAMS 0x00000000a2c00000, 0x00000000a2c00000| Untracked 
|  45|0x00000000a2d00000, 0x00000000a2d00000, 0x00000000a2e00000|  0%| F|  |TAMS 0x00000000a2d00000, 0x00000000a2d00000| Untracked 
|  46|0x00000000a2e00000, 0x00000000a2e00000, 0x00000000a2f00000|  0%| F|  |TAMS 0x00000000a2e00000, 0x00000000a2e00000| Untracked 
|  47|0x00000000a2f00000, 0x00000000a2f00000, 0x00000000a3000000|  0%| F|  |TAMS 0x00000000a2f00000, 0x00000000a2f00000| Untracked 
|  48|0x00000000a3000000, 0x00000000a3000000, 0x00000000a3100000|  0%| F|  |TAMS 0x00000000a3000000, 0x00000000a3000000| Untracked 
|  49|0x00000000a3100000, 0x00000000a3100000, 0x00000000a3200000|  0%| F|  |TAMS 0x00000000a3100000, 0x00000000a3100000| Untracked 
|  50|0x00000000a3200000, 0x00000000a3200000, 0x00000000a3300000|  0%| F|  |TAMS 0x00000000a3200000, 0x00000000a3200000| Untracked 
|  51|0x00000000a3300000, 0x00000000a3300000, 0x00000000a3400000|  0%| F|  |TAMS 0x00000000a3300000, 0x00000000a3300000| Untracked 
|  52|0x00000000a3400000, 0x00000000a3400000, 0x00000000a3500000|  0%| F|  |TAMS 0x00000000a3400000, 0x00000000a3400000| Untracked 
|  53|0x00000000a3500000, 0x00000000a3500000, 0x00000000a3600000|  0%| F|  |TAMS 0x00000000a3500000, 0x00000000a3500000| Untracked 
|  54|0x00000000a3600000, 0x00000000a3600000, 0x00000000a3700000|  0%| F|  |TAMS 0x00000000a3600000, 0x00000000a3600000| Untracked 
|  55|0x00000000a3700000, 0x00000000a3700000, 0x00000000a3800000|  0%| F|  |TAMS 0x00000000a3700000, 0x00000000a3700000| Untracked 
|  56|0x00000000a3800000, 0x00000000a3800000, 0x00000000a3900000|  0%| F|  |TAMS 0x00000000a3800000, 0x00000000a3800000| Untracked 
|  57|0x00000000a3900000, 0x00000000a3900000, 0x00000000a3a00000|  0%| F|  |TAMS 0x00000000a3900000, 0x00000000a3900000| Untracked 
|  58|0x00000000a3a00000, 0x00000000a3a00000, 0x00000000a3b00000|  0%| F|  |TAMS 0x00000000a3a00000, 0x00000000a3a00000| Untracked 
|  59|0x00000000a3b00000, 0x00000000a3b00000, 0x00000000a3c00000|  0%| F|  |TAMS 0x00000000a3b00000, 0x00000000a3b00000| Untracked 
|  60|0x00000000a3c00000, 0x00000000a3c00000, 0x00000000a3d00000|  0%| F|  |TAMS 0x00000000a3c00000, 0x00000000a3c00000| Untracked 
|  61|0x00000000a3d00000, 0x00000000a3d00000, 0x00000000a3e00000|  0%| F|  |TAMS 0x00000000a3d00000, 0x00000000a3d00000| Untracked 
|  62|0x00000000a3e00000, 0x00000000a3e00000, 0x00000000a3f00000|  0%| F|  |TAMS 0x00000000a3e00000, 0x00000000a3e00000| Untracked 
|  63|0x00000000a3f00000, 0x00000000a3f00000, 0x00000000a4000000|  0%| F|  |TAMS 0x00000000a3f00000, 0x00000000a3f00000| Untracked 
|  64|0x00000000a4000000, 0x00000000a4000000, 0x00000000a4100000|  0%| F|  |TAMS 0x00000000a4000000, 0x00000000a4000000| Untracked 
|  65|0x00000000a4100000, 0x00000000a4100000, 0x00000000a4200000|  0%| F|  |TAMS 0x00000000a4100000, 0x00000000a4100000| Untracked 
|  66|0x00000000a4200000, 0x00000000a4200000, 0x00000000a4300000|  0%| F|  |TAMS 0x00000000a4200000, 0x00000000a4200000| Untracked 
|  67|0x00000000a4300000, 0x00000000a4300000, 0x00000000a4400000|  0%| F|  |TAMS 0x00000000a4300000, 0x00000000a4300000| Untracked 
|  68|0x00000000a4400000, 0x00000000a4400000, 0x00000000a4500000|  0%| F|  |TAMS 0x00000000a4400000, 0x00000000a4400000| Untracked 
|  69|0x00000000a4500000, 0x00000000a4500000, 0x00000000a4600000|  0%| F|  |TAMS 0x00000000a4500000, 0x00000000a4500000| Untracked 
|  70|0x00000000a4600000, 0x00000000a4600000, 0x00000000a4700000|  0%| F|  |TAMS 0x00000000a4600000, 0x00000000a4600000| Untracked 
|  71|0x00000000a4700000, 0x00000000a4700000, 0x00000000a4800000|  0%| F|  |TAMS 0x00000000a4700000, 0x00000000a4700000| Untracked 
|  72|0x00000000a4800000, 0x00000000a4800000, 0x00000000a4900000|  0%| F|  |TAMS 0x00000000a4800000, 0x00000000a4800000| Untracked 
|  73|0x00000000a4900000, 0x00000000a4900000, 0x00000000a4a00000|  0%| F|  |TAMS 0x00000000a4900000, 0x00000000a4900000| Untracked 
|  74|0x00000000a4a00000, 0x00000000a4a00000, 0x00000000a4b00000|  0%| F|  |TAMS 0x00000000a4a00000, 0x00000000a4a00000| Untracked 
|  75|0x00000000a4b00000, 0x00000000a4b00000, 0x00000000a4c00000|  0%| F|  |TAMS 0x00000000a4b00000, 0x00000000a4b00000| Untracked 
|  76|0x00000000a4c00000, 0x00000000a4c00000, 0x00000000a4d00000|  0%| F|  |TAMS 0x00000000a4c00000, 0x00000000a4c00000| Untracked 
|  77|0x00000000a4d00000, 0x00000000a4d00000, 0x00000000a4e00000|  0%| F|  |TAMS 0x00000000a4d00000, 0x00000000a4d00000| Untracked 
|  78|0x00000000a4e00000, 0x00000000a4e00000, 0x00000000a4f00000|  0%| F|  |TAMS 0x00000000a4e00000, 0x00000000a4e00000| Untracked 
|  79|0x00000000a4f00000, 0x00000000a4f00000, 0x00000000a5000000|  0%| F|  |TAMS 0x00000000a4f00000, 0x00000000a4f00000| Untracked 
|  80|0x00000000a5000000, 0x00000000a5000000, 0x00000000a5100000|  0%| F|  |TAMS 0x00000000a5000000, 0x00000000a5000000| Untracked 
|  81|0x00000000a5100000, 0x00000000a5100000, 0x00000000a5200000|  0%| F|  |TAMS 0x00000000a5100000, 0x00000000a5100000| Untracked 
|  82|0x00000000a5200000, 0x00000000a5200000, 0x00000000a5300000|  0%| F|  |TAMS 0x00000000a5200000, 0x00000000a5200000| Untracked 
|  83|0x00000000a5300000, 0x00000000a5300000, 0x00000000a5400000|  0%| F|  |TAMS 0x00000000a5300000, 0x00000000a5300000| Untracked 
|  84|0x00000000a5400000, 0x00000000a5400000, 0x00000000a5500000|  0%| F|  |TAMS 0x00000000a5400000, 0x00000000a5400000| Untracked 
|  85|0x00000000a5500000, 0x00000000a5500000, 0x00000000a5600000|  0%| F|  |TAMS 0x00000000a5500000, 0x00000000a5500000| Untracked 
|  86|0x00000000a5600000, 0x00000000a5600000, 0x00000000a5700000|  0%| F|  |TAMS 0x00000000a5600000, 0x00000000a5600000| Untracked 
|  87|0x00000000a5700000, 0x00000000a5700000, 0x00000000a5800000|  0%| F|  |TAMS 0x00000000a5700000, 0x00000000a5700000| Untracked 
|  88|0x00000000a5800000, 0x00000000a5800000, 0x00000000a5900000|  0%| F|  |TAMS 0x00000000a5800000, 0x00000000a5800000| Untracked 
|  89|0x00000000a5900000, 0x00000000a5900000, 0x00000000a5a00000|  0%| F|  |TAMS 0x00000000a5900000, 0x00000000a5900000| Untracked 
|  90|0x00000000a5a00000, 0x00000000a5a00000, 0x00000000a5b00000|  0%| F|  |TAMS 0x00000000a5a00000, 0x00000000a5a00000| Untracked 
|  91|0x00000000a5b00000, 0x00000000a5b00000, 0x00000000a5c00000|  0%| F|  |TAMS 0x00000000a5b00000, 0x00000000a5b00000| Untracked 
|  92|0x00000000a5c00000, 0x00000000a5c00000, 0x00000000a5d00000|  0%| F|  |TAMS 0x00000000a5c00000, 0x00000000a5c00000| Untracked 
|  93|0x00000000a5d00000, 0x00000000a5d00000, 0x00000000a5e00000|  0%| F|  |TAMS 0x00000000a5d00000, 0x00000000a5d00000| Untracked 
|  94|0x00000000a5e00000, 0x00000000a5e00000, 0x00000000a5f00000|  0%| F|  |TAMS 0x00000000a5e00000, 0x00000000a5e00000| Untracked 
|  95|0x00000000a5f00000, 0x00000000a5f00000, 0x00000000a6000000|  0%| F|  |TAMS 0x00000000a5f00000, 0x00000000a5f00000| Untracked 
|  96|0x00000000a6000000, 0x00000000a6000000, 0x00000000a6100000|  0%| F|  |TAMS 0x00000000a6000000, 0x00000000a6000000| Untracked 
|  97|0x00000000a6100000, 0x00000000a6100000, 0x00000000a6200000|  0%| F|  |TAMS 0x00000000a6100000, 0x00000000a6100000| Untracked 
|  98|0x00000000a6200000, 0x00000000a6200000, 0x00000000a6300000|  0%| F|  |TAMS 0x00000000a6200000, 0x00000000a6200000| Untracked 
|  99|0x00000000a6300000, 0x00000000a6300000, 0x00000000a6400000|  0%| F|  |TAMS 0x00000000a6300000, 0x00000000a6300000| Untracked 
| 100|0x00000000a6400000, 0x00000000a6400000, 0x00000000a6500000|  0%| F|  |TAMS 0x00000000a6400000, 0x00000000a6400000| Untracked 
| 101|0x00000000a6500000, 0x00000000a6500000, 0x00000000a6600000|  0%| F|  |TAMS 0x00000000a6500000, 0x00000000a6500000| Untracked 
| 102|0x00000000a6600000, 0x00000000a6600000, 0x00000000a6700000|  0%| F|  |TAMS 0x00000000a6600000, 0x00000000a6600000| Untracked 
| 103|0x00000000a6700000, 0x00000000a6700000, 0x00000000a6800000|  0%| F|  |TAMS 0x00000000a6700000, 0x00000000a6700000| Untracked 
| 104|0x00000000a6800000, 0x00000000a6800000, 0x00000000a6900000|  0%| F|  |TAMS 0x00000000a6800000, 0x00000000a6800000| Untracked 
| 105|0x00000000a6900000, 0x00000000a6900000, 0x00000000a6a00000|  0%| F|  |TAMS 0x00000000a6900000, 0x00000000a6900000| Untracked 
| 106|0x00000000a6a00000, 0x00000000a6a00000, 0x00000000a6b00000|  0%| F|  |TAMS 0x00000000a6a00000, 0x00000000a6a00000| Untracked 
| 107|0x00000000a6b00000, 0x00000000a6b00000, 0x00000000a6c00000|  0%| F|  |TAMS 0x00000000a6b00000, 0x00000000a6b00000| Untracked 
| 108|0x00000000a6c00000, 0x00000000a6c00000, 0x00000000a6d00000|  0%| F|  |TAMS 0x00000000a6c00000, 0x00000000a6c00000| Untracked 
| 109|0x00000000a6d00000, 0x00000000a6d00000, 0x00000000a6e00000|  0%| F|  |TAMS 0x00000000a6d00000, 0x00000000a6d00000| Untracked 
| 110|0x00000000a6e00000, 0x00000000a6e00000, 0x00000000a6f00000|  0%| F|  |TAMS 0x00000000a6e00000, 0x00000000a6e00000| Untracked 
| 111|0x00000000a6f00000, 0x00000000a6f00000, 0x00000000a7000000|  0%| F|  |TAMS 0x00000000a6f00000, 0x00000000a6f00000| Untracked 
| 112|0x00000000a7000000, 0x00000000a7000000, 0x00000000a7100000|  0%| F|  |TAMS 0x00000000a7000000, 0x00000000a7000000| Untracked 
| 113|0x00000000a7100000, 0x00000000a7100000, 0x00000000a7200000|  0%| F|  |TAMS 0x00000000a7100000, 0x00000000a7100000| Untracked 
| 114|0x00000000a7200000, 0x00000000a7200000, 0x00000000a7300000|  0%| F|  |TAMS 0x00000000a7200000, 0x00000000a7200000| Untracked 
| 115|0x00000000a7300000, 0x00000000a7300000, 0x00000000a7400000|  0%| F|  |TAMS 0x00000000a7300000, 0x00000000a7300000| Untracked 
| 116|0x00000000a7400000, 0x00000000a7400000, 0x00000000a7500000|  0%| F|  |TAMS 0x00000000a7400000, 0x00000000a7400000| Untracked 
| 117|0x00000000a7500000, 0x00000000a7500000, 0x00000000a7600000|  0%| F|  |TAMS 0x00000000a7500000, 0x00000000a7500000| Untracked 
| 118|0x00000000a7600000, 0x00000000a7600000, 0x00000000a7700000|  0%| F|  |TAMS 0x00000000a7600000, 0x00000000a7600000| Untracked 
| 119|0x00000000a7700000, 0x00000000a7700000, 0x00000000a7800000|  0%| F|  |TAMS 0x00000000a7700000, 0x00000000a7700000| Untracked 
| 120|0x00000000a7800000, 0x00000000a7800000, 0x00000000a7900000|  0%| F|  |TAMS 0x00000000a7800000, 0x00000000a7800000| Untracked 
| 121|0x00000000a7900000, 0x00000000a7900000, 0x00000000a7a00000|  0%| F|  |TAMS 0x00000000a7900000, 0x00000000a7900000| Untracked 
| 122|0x00000000a7a00000, 0x00000000a7a00000, 0x00000000a7b00000|  0%| F|  |TAMS 0x00000000a7a00000, 0x00000000a7a00000| Untracked 
| 123|0x00000000a7b00000, 0x00000000a7b00000, 0x00000000a7c00000|  0%| F|  |TAMS 0x00000000a7b00000, 0x00000000a7b00000| Untracked 
| 124|0x00000000a7c00000, 0x00000000a7c00000, 0x00000000a7d00000|  0%| F|  |TAMS 0x00000000a7c00000, 0x00000000a7c00000| Untracked 
| 125|0x00000000a7d00000, 0x00000000a7d00000, 0x00000000a7e00000|  0%| F|  |TAMS 0x00000000a7d00000, 0x00000000a7d00000| Untracked 
| 126|0x00000000a7e00000, 0x00000000a7e00000, 0x00000000a7f00000|  0%| F|  |TAMS 0x00000000a7e00000, 0x00000000a7e00000| Untracked 
| 127|0x00000000a7f00000, 0x00000000a7f00000, 0x00000000a8000000|  0%| F|  |TAMS 0x00000000a7f00000, 0x00000000a7f00000| Untracked 
| 128|0x00000000a8000000, 0x00000000a8000000, 0x00000000a8100000|  0%| F|  |TAMS 0x00000000a8000000, 0x00000000a8000000| Untracked 
| 129|0x00000000a8100000, 0x00000000a8100000, 0x00000000a8200000|  0%| F|  |TAMS 0x00000000a8100000, 0x00000000a8100000| Untracked 
| 130|0x00000000a8200000, 0x00000000a8200000, 0x00000000a8300000|  0%| F|  |TAMS 0x00000000a8200000, 0x00000000a8200000| Untracked 
| 131|0x00000000a8300000, 0x00000000a8300000, 0x00000000a8400000|  0%| F|  |TAMS 0x00000000a8300000, 0x00000000a8300000| Untracked 
| 132|0x00000000a8400000, 0x00000000a8400000, 0x00000000a8500000|  0%| F|  |TAMS 0x00000000a8400000, 0x00000000a8400000| Untracked 
| 133|0x00000000a8500000, 0x00000000a8500000, 0x00000000a8600000|  0%| F|  |TAMS 0x00000000a8500000, 0x00000000a8500000| Untracked 
| 134|0x00000000a8600000, 0x00000000a8600000, 0x00000000a8700000|  0%| F|  |TAMS 0x00000000a8600000, 0x00000000a8600000| Untracked 
| 135|0x00000000a8700000, 0x00000000a8700000, 0x00000000a8800000|  0%| F|  |TAMS 0x00000000a8700000, 0x00000000a8700000| Untracked 
| 136|0x00000000a8800000, 0x00000000a8800000, 0x00000000a8900000|  0%| F|  |TAMS 0x00000000a8800000, 0x00000000a8800000| Untracked 
| 137|0x00000000a8900000, 0x00000000a8900000, 0x00000000a8a00000|  0%| F|  |TAMS 0x00000000a8900000, 0x00000000a8900000| Untracked 
| 138|0x00000000a8a00000, 0x00000000a8a00000, 0x00000000a8b00000|  0%| F|  |TAMS 0x00000000a8a00000, 0x00000000a8a00000| Untracked 
| 139|0x00000000a8b00000, 0x00000000a8b00000, 0x00000000a8c00000|  0%| F|  |TAMS 0x00000000a8b00000, 0x00000000a8b00000| Untracked 
| 140|0x00000000a8c00000, 0x00000000a8c00000, 0x00000000a8d00000|  0%| F|  |TAMS 0x00000000a8c00000, 0x00000000a8c00000| Untracked 
| 141|0x00000000a8d00000, 0x00000000a8d00000, 0x00000000a8e00000|  0%| F|  |TAMS 0x00000000a8d00000, 0x00000000a8d00000| Untracked 
| 142|0x00000000a8e00000, 0x00000000a8e00000, 0x00000000a8f00000|  0%| F|  |TAMS 0x00000000a8e00000, 0x00000000a8e00000| Untracked 
| 143|0x00000000a8f00000, 0x00000000a8f00000, 0x00000000a9000000|  0%| F|  |TAMS 0x00000000a8f00000, 0x00000000a8f00000| Untracked 
| 144|0x00000000a9000000, 0x00000000a9000000, 0x00000000a9100000|  0%| F|  |TAMS 0x00000000a9000000, 0x00000000a9000000| Untracked 
| 145|0x00000000a9100000, 0x00000000a9100000, 0x00000000a9200000|  0%| F|  |TAMS 0x00000000a9100000, 0x00000000a9100000| Untracked 
| 146|0x00000000a9200000, 0x00000000a9200000, 0x00000000a9300000|  0%| F|  |TAMS 0x00000000a9200000, 0x00000000a9200000| Untracked 
| 147|0x00000000a9300000, 0x00000000a9300000, 0x00000000a9400000|  0%| F|  |TAMS 0x00000000a9300000, 0x00000000a9300000| Untracked 
| 148|0x00000000a9400000, 0x00000000a9400000, 0x00000000a9500000|  0%| F|  |TAMS 0x00000000a9400000, 0x00000000a9400000| Untracked 
| 149|0x00000000a9500000, 0x00000000a9500000, 0x00000000a9600000|  0%| F|  |TAMS 0x00000000a9500000, 0x00000000a9500000| Untracked 
| 150|0x00000000a9600000, 0x00000000a9600000, 0x00000000a9700000|  0%| F|  |TAMS 0x00000000a9600000, 0x00000000a9600000| Untracked 
| 151|0x00000000a9700000, 0x00000000a9700000, 0x00000000a9800000|  0%| F|  |TAMS 0x00000000a9700000, 0x00000000a9700000| Untracked 
| 152|0x00000000a9800000, 0x00000000a9800000, 0x00000000a9900000|  0%| F|  |TAMS 0x00000000a9800000, 0x00000000a9800000| Untracked 
| 153|0x00000000a9900000, 0x00000000a9900000, 0x00000000a9a00000|  0%| F|  |TAMS 0x00000000a9900000, 0x00000000a9900000| Untracked 
| 154|0x00000000a9a00000, 0x00000000a9a00000, 0x00000000a9b00000|  0%| F|  |TAMS 0x00000000a9a00000, 0x00000000a9a00000| Untracked 
| 155|0x00000000a9b00000, 0x00000000a9b00000, 0x00000000a9c00000|  0%| F|  |TAMS 0x00000000a9b00000, 0x00000000a9b00000| Untracked 
| 156|0x00000000a9c00000, 0x00000000a9c00000, 0x00000000a9d00000|  0%| F|  |TAMS 0x00000000a9c00000, 0x00000000a9c00000| Untracked 
| 157|0x00000000a9d00000, 0x00000000a9d00000, 0x00000000a9e00000|  0%| F|  |TAMS 0x00000000a9d00000, 0x00000000a9d00000| Untracked 
| 158|0x00000000a9e00000, 0x00000000a9e00000, 0x00000000a9f00000|  0%| F|  |TAMS 0x00000000a9e00000, 0x00000000a9e00000| Untracked 
| 159|0x00000000a9f00000, 0x00000000a9f00000, 0x00000000aa000000|  0%| F|  |TAMS 0x00000000a9f00000, 0x00000000a9f00000| Untracked 
| 160|0x00000000aa000000, 0x00000000aa000000, 0x00000000aa100000|  0%| F|  |TAMS 0x00000000aa000000, 0x00000000aa000000| Untracked 
| 161|0x00000000aa100000, 0x00000000aa100000, 0x00000000aa200000|  0%| F|  |TAMS 0x00000000aa100000, 0x00000000aa100000| Untracked 
| 162|0x00000000aa200000, 0x00000000aa200000, 0x00000000aa300000|  0%| F|  |TAMS 0x00000000aa200000, 0x00000000aa200000| Untracked 
| 163|0x00000000aa300000, 0x00000000aa300000, 0x00000000aa400000|  0%| F|  |TAMS 0x00000000aa300000, 0x00000000aa300000| Untracked 
| 164|0x00000000aa400000, 0x00000000aa400000, 0x00000000aa500000|  0%| F|  |TAMS 0x00000000aa400000, 0x00000000aa400000| Untracked 
| 165|0x00000000aa500000, 0x00000000aa500000, 0x00000000aa600000|  0%| F|  |TAMS 0x00000000aa500000, 0x00000000aa500000| Untracked 
| 166|0x00000000aa600000, 0x00000000aa600000, 0x00000000aa700000|  0%| F|  |TAMS 0x00000000aa600000, 0x00000000aa600000| Untracked 
| 167|0x00000000aa700000, 0x00000000aa700000, 0x00000000aa800000|  0%| F|  |TAMS 0x00000000aa700000, 0x00000000aa700000| Untracked 
| 168|0x00000000aa800000, 0x00000000aa800000, 0x00000000aa900000|  0%| F|  |TAMS 0x00000000aa800000, 0x00000000aa800000| Untracked 
| 169|0x00000000aa900000, 0x00000000aa900000, 0x00000000aaa00000|  0%| F|  |TAMS 0x00000000aa900000, 0x00000000aa900000| Untracked 
| 170|0x00000000aaa00000, 0x00000000aaa00000, 0x00000000aab00000|  0%| F|  |TAMS 0x00000000aaa00000, 0x00000000aaa00000| Untracked 
| 171|0x00000000aab00000, 0x00000000aab00000, 0x00000000aac00000|  0%| F|  |TAMS 0x00000000aab00000, 0x00000000aab00000| Untracked 
| 172|0x00000000aac00000, 0x00000000aac00000, 0x00000000aad00000|  0%| F|  |TAMS 0x00000000aac00000, 0x00000000aac00000| Untracked 
| 173|0x00000000aad00000, 0x00000000aad00000, 0x00000000aae00000|  0%| F|  |TAMS 0x00000000aad00000, 0x00000000aad00000| Untracked 
| 174|0x00000000aae00000, 0x00000000aae00000, 0x00000000aaf00000|  0%| F|  |TAMS 0x00000000aae00000, 0x00000000aae00000| Untracked 
| 175|0x00000000aaf00000, 0x00000000aaf00000, 0x00000000ab000000|  0%| F|  |TAMS 0x00000000aaf00000, 0x00000000aaf00000| Untracked 
| 176|0x00000000ab000000, 0x00000000ab000000, 0x00000000ab100000|  0%| F|  |TAMS 0x00000000ab000000, 0x00000000ab000000| Untracked 
| 177|0x00000000ab100000, 0x00000000ab150b18, 0x00000000ab200000| 31%| S|CS|TAMS 0x00000000ab100000, 0x00000000ab100000| Complete 
| 178|0x00000000ab200000, 0x00000000ab300000, 0x00000000ab300000|100%| S|CS|TAMS 0x00000000ab200000, 0x00000000ab200000| Complete 
| 179|0x00000000ab300000, 0x00000000ab400000, 0x00000000ab400000|100%| S|CS|TAMS 0x00000000ab300000, 0x00000000ab300000| Complete 
| 180|0x00000000ab400000, 0x00000000ab400000, 0x00000000ab500000|  0%| F|  |TAMS 0x00000000ab400000, 0x00000000ab400000| Untracked 
| 181|0x00000000ab500000, 0x00000000ab500000, 0x00000000ab600000|  0%| F|  |TAMS 0x00000000ab500000, 0x00000000ab500000| Untracked 
| 182|0x00000000ab600000, 0x00000000ab600000, 0x00000000ab700000|  0%| F|  |TAMS 0x00000000ab600000, 0x00000000ab600000| Untracked 
| 183|0x00000000ab700000, 0x00000000ab700000, 0x00000000ab800000|  0%| F|  |TAMS 0x00000000ab700000, 0x00000000ab700000| Untracked 
| 184|0x00000000ab800000, 0x00000000ab800000, 0x00000000ab900000|  0%| F|  |TAMS 0x00000000ab800000, 0x00000000ab800000| Untracked 
| 185|0x00000000ab900000, 0x00000000ab900000, 0x00000000aba00000|  0%| F|  |TAMS 0x00000000ab900000, 0x00000000ab900000| Untracked 
| 186|0x00000000aba00000, 0x00000000aba00000, 0x00000000abb00000|  0%| F|  |TAMS 0x00000000aba00000, 0x00000000aba00000| Untracked 
| 187|0x00000000abb00000, 0x00000000abb00000, 0x00000000abc00000|  0%| F|  |TAMS 0x00000000abb00000, 0x00000000abb00000| Untracked 
| 188|0x00000000abc00000, 0x00000000abc00000, 0x00000000abd00000|  0%| F|  |TAMS 0x00000000abc00000, 0x00000000abc00000| Untracked 
| 189|0x00000000abd00000, 0x00000000abd00000, 0x00000000abe00000|  0%| F|  |TAMS 0x00000000abd00000, 0x00000000abd00000| Untracked 

Card table byte_map: [0x00000280afe10000,0x00000280b0110000] _byte_map_base: 0x00000280af910000

Marking Bits (Prev, Next): (CMBitMap*) 0x000002809cd1adb0, (CMBitMap*) 0x000002809cd1ad78
 Prev Bits: [0x00000280b1c10000, 0x00000280b3410000)
 Next Bits: [0x00000280b0410000, 0x00000280b1c10000)

Polling page: 0x000002809ae80000

Metaspace:

Usage:
  Non-class:     22.75 MB capacity,    22.40 MB ( 98%) used,   303.83 KB (  1%) free+waste,    53.88 KB ( <1%) overhead. 
      Class:      3.58 MB capacity,     3.37 MB ( 94%) used,   184.29 KB (  5%) free+waste,    27.63 KB ( <1%) overhead. 
       Both:     26.33 MB capacity,    25.77 MB ( 98%) used,   488.12 KB (  2%) free+waste,    81.50 KB ( <1%) overhead. 

Virtual space:
  Non-class space:       34.00 MB reserved,      22.75 MB ( 67%) committed 
      Class space:        1.00 GB reserved,       3.63 MB ( <1%) committed 
             Both:        1.03 GB reserved,      26.38 MB (  2%) committed 

Chunk freelists:
   Non-Class:  0 bytes
       Class:  0 bytes
        Both:  0 bytes

MaxMetaspaceSize: 17179869184.00 GB
CompressedClassSpaceSize: 1.00 GB
Initial GC threshold: 20.80 MB
Current GC threshold: 35.32 MB
CDS: off

CodeHeap 'non-profiled nmethods': size=120000Kb used=1184Kb max_used=1184Kb free=118815Kb
 bounds [0x00000280a82b0000, 0x00000280a8520000, 0x00000280af7e0000]
CodeHeap 'profiled nmethods': size=120000Kb used=4873Kb max_used=4873Kb free=115126Kb
 bounds [0x00000280a0d80000, 0x00000280a1250000, 0x00000280a82b0000]
CodeHeap 'non-nmethods': size=5760Kb used=1239Kb max_used=1265Kb free=4520Kb
 bounds [0x00000280a07e0000, 0x00000280a0a50000, 0x00000280a0d80000]
 total_blobs=2804 nmethods=2298 adapters=418
 compilation: enabled
              stopped_count=0, restarted_count=0
 full_count=0

Compilation events (20 events):
Event: 7.338 Thread 0x00000280b6717000 2266       3       org.gradle.internal.instantiation.generator.AbstractClassGenerator$ClassGenerationHandler::visitInstanceMethod (1 bytes)
Event: 7.338 Thread 0x00000280b6717000 nmethod 2266 0x00000280a1231c90 code [0x00000280a1231e40, 0x00000280a1231f38]
Event: 7.338 Thread 0x00000280b6717000 2267       3       org.objectweb.asm.Label::resolve (219 bytes)
Event: 7.339 Thread 0x00000280b6717000 nmethod 2267 0x00000280a1232010 code [0x00000280a1232200, 0x00000280a12326f8]
Event: 7.339 Thread 0x00000280b6717000 2268       3       org.gradle.model.internal.asm.MethodVisitorScope::_ALOAD (8 bytes)
Event: 7.340 Thread 0x00000280b6717000 nmethod 2268 0x00000280a1232a10 code [0x00000280a1232be0, 0x00000280a1232e48]
Event: 7.340 Thread 0x00000280b6717000 2269       1       org.gradle.internal.instantiation.generator.AsmBackedClassGenerator$ClassBuilderImpl::access$500 (5 bytes)
Event: 7.340 Thread 0x00000280b6717000 nmethod 2269 0x00000280a83d6110 code [0x00000280a83d62c0, 0x00000280a83d6358]
Event: 7.340 Thread 0x00000280b6717000 2271       3       org.objectweb.asm.SymbolTable::addConstantUtf8Reference (101 bytes)
Event: 7.341 Thread 0x00000280b6717000 nmethod 2271 0x00000280a1232f90 code [0x00000280a12331c0, 0x00000280a1233838]
Event: 7.341 Thread 0x00000280b6717000 2270       3       org.objectweb.asm.Frame::merge (322 bytes)
Event: 7.342 Thread 0x00000280b6717000 nmethod 2270 0x00000280a1233b90 code [0x00000280a1233dc0, 0x00000280a12346c8]
Event: 7.343 Thread 0x00000280b6717000 2273       3       org.objectweb.asm.SymbolTable::addConstantMemberReference (147 bytes)
Event: 7.344 Thread 0x00000280b6717000 nmethod 2273 0x00000280a1234910 code [0x00000280a1234ba0, 0x00000280a12354c8]
Event: 7.344 Thread 0x00000280b6717000 2274       3       org.objectweb.asm.Frame::getLocal (46 bytes)
Event: 7.344 Thread 0x00000280b6717000 nmethod 2274 0x00000280a1235a90 code [0x00000280a1235c40, 0x00000280a1235e38]
Event: 7.344 Thread 0x00000280b6717000 2272       3       org.objectweb.asm.Frame::<init> (10 bytes)
Event: 7.344 Thread 0x00000280b6717000 nmethod 2272 0x00000280a1235f10 code [0x00000280a12360c0, 0x00000280a1236278]
Event: 7.372 Thread 0x00000280b6717000 2275       3       java.lang.ClassLoader::createOrGetClassLoaderValueMap (37 bytes)
Event: 7.373 Thread 0x00000280b6717000 nmethod 2275 0x00000280a1236310 code [0x00000280a1236520, 0x00000280a1236a68]

GC Heap History (6 events):
Event: 1.165 GC heap before
{Heap before GC invocations=0 (full 0):
 garbage-first heap   total 194560K, used 29696K [0x00000000a0000000, 0x0000000100000000)
  region size 1024K, 24 young (24576K), 0 survivors (0K)
 Metaspace       used 9764K, capacity 9960K, committed 10112K, reserved 1058816K
  class space    used 1013K, capacity 1069K, committed 1152K, reserved 1048576K
}
Event: 1.173 GC heap after
{Heap after GC invocations=1 (full 0):
 garbage-first heap   total 194560K, used 9192K [0x00000000a0000000, 0x0000000100000000)
  region size 1024K, 3 young (3072K), 3 survivors (3072K)
 Metaspace       used 9764K, capacity 9960K, committed 10112K, reserved 1058816K
  class space    used 1013K, capacity 1069K, committed 1152K, reserved 1048576K
}
Event: 6.327 GC heap before
{Heap before GC invocations=1 (full 0):
 garbage-first heap   total 194560K, used 111592K [0x00000000a0000000, 0x0000000100000000)
  region size 1024K, 103 young (105472K), 3 survivors (3072K)
 Metaspace       used 20626K, capacity 21068K, committed 21248K, reserved 1067008K
  class space    used 2509K, capacity 2691K, committed 2816K, reserved 1048576K
}
Event: 6.341 GC heap after
{Heap after GC invocations=2 (full 0):
 garbage-first heap   total 194560K, used 16746K [0x00000000a0000000, 0x0000000100000000)
  region size 1024K, 11 young (11264K), 11 survivors (11264K)
 Metaspace       used 20626K, capacity 21068K, committed 21248K, reserved 1067008K
  class space    used 2509K, capacity 2691K, committed 2816K, reserved 1048576K
}
Event: 7.312 GC heap before
{Heap before GC invocations=3 (full 0):
 garbage-first heap   total 194560K, used 61802K [0x00000000a0000000, 0x0000000100000000)
  region size 1024K, 55 young (56320K), 11 survivors (11264K)
 Metaspace       used 25145K, capacity 25746K, committed 25984K, reserved 1071104K
  class space    used 3246K, capacity 3446K, committed 3456K, reserved 1048576K
}
Event: 7.321 GC heap after
{Heap after GC invocations=4 (full 0):
 garbage-first heap   total 194560K, used 18664K [0x00000000a0000000, 0x0000000100000000)
  region size 1024K, 3 young (3072K), 3 survivors (3072K)
 Metaspace       used 25145K, capacity 25746K, committed 25984K, reserved 1071104K
  class space    used 3246K, capacity 3446K, committed 3456K, reserved 1048576K
}

Deoptimization events (20 events):
Event: 5.220 Thread 0x00000280b9b58800 Uncommon trap: trap_request=0xffffffc6 fr.pc=0x00000280a8336154 relative=0x0000000000000114
Event: 5.220 Thread 0x00000280b9b58800 Uncommon trap: reason=bimorphic_or_optimized_type_check action=maybe_recompile pc=0x00000280a8336154 method=java.util.AbstractList$Itr.next()Ljava/lang/Object; @ 14 c2
Event: 5.221 Thread 0x00000280b9b58800 DEOPT PACKING pc=0x00000280a8336154 sp=0x000000cd3dcfc400
Event: 5.221 Thread 0x00000280b9b58800 DEOPT UNPACKING pc=0x00000280a07e85af sp=0x000000cd3dcfc398 mode 2
Event: 5.221 Thread 0x00000280b9b58800 Uncommon trap: trap_request=0xffffff4d fr.pc=0x00000280a832cb78 relative=0x00000000000005b8
Event: 5.221 Thread 0x00000280b9b58800 Uncommon trap: reason=unstable_if action=reinterpret pc=0x00000280a832cb78 method=java.io.File.getName()Ljava/lang/String; @ 16 c2
Event: 5.221 Thread 0x00000280b9b58800 DEOPT PACKING pc=0x00000280a832cb78 sp=0x000000cd3dcfcdd0
Event: 5.221 Thread 0x00000280b9b58800 DEOPT UNPACKING pc=0x00000280a07e85af sp=0x000000cd3dcfcda0 mode 2
Event: 5.221 Thread 0x00000280b9b58800 Uncommon trap: trap_request=0xffffff4d fr.pc=0x00000280a832ab10 relative=0x0000000000000450
Event: 5.221 Thread 0x00000280b9b58800 Uncommon trap: reason=unstable_if action=reinterpret pc=0x00000280a832ab10 method=java.lang.String.substring(I)Ljava/lang/String; @ 34 c2
Event: 5.221 Thread 0x00000280b9b58800 DEOPT PACKING pc=0x00000280a832ab10 sp=0x000000cd3dcfcd50
Event: 5.221 Thread 0x00000280b9b58800 DEOPT UNPACKING pc=0x00000280a07e85af sp=0x000000cd3dcfcd28 mode 2
Event: 6.463 Thread 0x00000280b9b58800 Uncommon trap: trap_request=0xffffff4d fr.pc=0x00000280a83a2f98 relative=0x0000000000000398
Event: 6.463 Thread 0x00000280b9b58800 Uncommon trap: reason=unstable_if action=reinterpret pc=0x00000280a83a2f98 method=jdk.internal.org.objectweb.asm.Type.getArgumentsAndReturnSizes(Ljava/lang/String;)I @ 88 c2
Event: 6.463 Thread 0x00000280b9b58800 DEOPT PACKING pc=0x00000280a83a2f98 sp=0x000000cd3dcf9b20
Event: 6.463 Thread 0x00000280b9b58800 DEOPT UNPACKING pc=0x00000280a07e85af sp=0x000000cd3dcf9aa8 mode 2
Event: 6.873 Thread 0x00000280b9b58800 Uncommon trap: trap_request=0xffffff4d fr.pc=0x00000280a830827c relative=0x000000000000023c
Event: 6.873 Thread 0x00000280b9b58800 Uncommon trap: reason=unstable_if action=reinterpret pc=0x00000280a830827c method=java.util.concurrent.ConcurrentHashMap.get(Ljava/lang/Object;)Ljava/lang/Object; @ 76 c2
Event: 6.873 Thread 0x00000280b9b58800 DEOPT PACKING pc=0x00000280a830827c sp=0x000000cd3dcf8c80
Event: 6.873 Thread 0x00000280b9b58800 DEOPT UNPACKING pc=0x00000280a07e85af sp=0x000000cd3dcf8be8 mode 2

Classes redefined (0 events):
No events

Internal exceptions (20 events):
Event: 4.873 Thread 0x00000280b9b58800 Exception <a 'java/lang/NoSuchMethodError'{0x00000000a6b1ad60}: 'void java.lang.invoke.DirectMethodHandle$Holder.invokeStaticInit(java.lang.Object)'> (0x00000000a6b1ad60) thrown at [./src/hotspot/share/interpreter/linkResolver.cpp, line 773]
Event: 4.954 Thread 0x00000280b9b58800 Exception <a 'java/lang/NoSuchMethodError'{0x00000000a6bd5998}: 'java.lang.Object java.lang.invoke.DirectMethodHandle$Holder.invokeStatic(java.lang.Object, java.lang.Object, java.lang.Object, int)'> (0x00000000a6bd5998) thrown at [./src/hotspot/share/interpreter/linkResolver.cpp, line 773]
Event: 4.955 Thread 0x00000280b9b58800 Exception <a 'java/lang/NoSuchMethodError'{0x00000000a6bd9b60}: 'java.lang.Object java.lang.invoke.DirectMethodHandle$Holder.invokeSpecial(java.lang.Object, java.lang.Object, java.lang.Object, java.lang.Object, int)'> (0x00000000a6bd9b60) thrown at [./src/hotspot/share/interpreter/linkResolver.cpp, line 773]
Event: 4.956 Thread 0x00000280b9b58800 Exception <a 'java/lang/NoSuchMethodError'{0x00000000a6bdd548}: 'java.lang.Object java.lang.invoke.Invokers$Holder.linkToTargetMethod(java.lang.Object, java.lang.Object, int, java.lang.Object)'> (0x00000000a6bdd548) thrown at [./src/hotspot/share/interpreter/linkResolver.cpp, line 773]
Event: 5.269 Thread 0x00000280b9b58800 Exception <a 'java/lang/NoSuchMethodError'{0x00000000a616d430}: 'java.lang.Object java.lang.invoke.Invokers$Holder.linkToTargetMethod(java.lang.Object, java.lang.Object, java.lang.Object, java.lang.Object, java.lang.Object, java.lang.Object)'> (0x00000000a616d430) thrown at [./src/hotspot/share/interpreter/linkResolver.cpp, line 773]
Event: 6.359 Thread 0x00000280b9b58800 Exception <a 'java/lang/NoSuchMethodError'{0x00000000abdbfcc0}: 'int java.lang.invoke.DirectMethodHandle$Holder.invokeSpecialIFC(java.lang.Object, java.lang.Object, java.lang.Object, java.lang.Object)'> (0x00000000abdbfcc0) thrown at [./src/hotspot/share/interpreter/linkResolver.cpp, line 773]
Event: 6.360 Thread 0x00000280b9b58800 Exception <a 'java/lang/NoSuchMethodError'{0x00000000abdcdc78}: 'java.lang.Object java.lang.invoke.DirectMethodHandle$Holder.invokeInterface(java.lang.Object, java.lang.Object, java.lang.Object)'> (0x00000000abdcdc78) thrown at [./src/hotspot/share/interpreter/linkResolver.cpp, line 773]
Event: 6.360 Thread 0x00000280b9b58800 Exception <a 'java/lang/IncompatibleClassChangeError'{0x00000000abdd1150}: Found class java.lang.Object, but interface was expected> (0x00000000abdd1150) thrown at [./src/hotspot/share/interpreter/linkResolver.cpp, line 839]
Event: 6.530 Thread 0x00000280b9b58800 Exception <a 'java/lang/NoSuchMethodError'{0x00000000ab5a75a0}: 'void java.lang.invoke.DirectMethodHandle$Holder.invokeSpecial(java.lang.Object, java.lang.Object, java.lang.Object, java.lang.Object, java.lang.Object)'> (0x00000000ab5a75a0) thrown at [./src/hotspot/share/interpreter/linkResolver.cpp, line 773]
Event: 6.587 Thread 0x00000280b9b58800 Exception <a 'java/lang/NoSuchMethodError'{0x00000000ab3ffb78}: 'java.lang.Object java.lang.invoke.DirectMethodHandle$Holder.invokeSpecial(java.lang.Object, java.lang.Object, java.lang.Object, java.lang.Object, java.lang.Object, java.lang.Object, java.lang.Object, java.lang.Object, java.lang.Object)'> (0x00000000ab3ffb78) thrown at [./src/hotspot/share/interpreter/linkResolver.cpp, line 773]
Event: 6.796 Thread 0x00000280b9b58800 Exception <a 'java/lang/NoSuchMethodError'{0x00000000aa9fa2e0}: 'java.lang.Object java.lang.invoke.DirectMethodHandle$Holder.invokeVirtual(java.lang.Object, java.lang.Object, java.lang.Object, java.lang.Object)'> (0x00000000aa9fa2e0) thrown at [./src/hotspot/share/interpreter/linkResolver.cpp, line 773]
Event: 6.927 Thread 0x00000280b9b58800 Exception <a 'java/lang/NoSuchMethodError'{0x00000000aa2796b8}: 'void java.lang.invoke.DirectMethodHandle$Holder.invokeSpecial(java.lang.Object, java.lang.Object, java.lang.Object, java.lang.Object, java.lang.Object, java.lang.Object)'> (0x00000000aa2796b8) thrown at [./src/hotspot/share/interpreter/linkResolver.cpp, line 773]
Event: 6.932 Thread 0x00000280b9b58800 Exception <a 'java/lang/NoSuchMethodError'{0x00000000aa2a7cb0}: 'java.lang.Object java.lang.invoke.DirectMethodHandle$Holder.invokeSpecial(java.lang.Object, java.lang.Object, java.lang.Object, java.lang.Object, java.lang.Object, java.lang.Object, java.lang.Object, java.lang.Object, int, int)'> (0x00000000aa2a7cb0) thrown at [./src/hotspot/share/interpreter/linkResolver.cpp, line 773]
Event: 6.935 Thread 0x00000280b9b58800 Exception <a 'java/lang/NoSuchMethodError'{0x00000000aa2c45d0}: 'java.lang.Object java.lang.invoke.Invokers$Holder.linkToTargetMethod(java.lang.Object, java.lang.Object, java.lang.Object, java.lang.Object, java.lang.Object, java.lang.Object, java.lang.Object)'> (0x00000000aa2c45d0) thrown at [./src/hotspot/share/interpreter/linkResolver.cpp, line 773]
Event: 6.955 Thread 0x00000280b9b58800 Exception <a 'java/lang/NoSuchMethodError'{0x00000000aa1cac70}: 'void java.lang.invoke.DirectMethodHandle$Holder.invokeSpecial(java.lang.Object, java.lang.Object, java.lang.Object, java.lang.Object, java.lang.Object, java.lang.Object, java.lang.Object)'> (0x00000000aa1cac70) thrown at [./src/hotspot/share/interpreter/linkResolver.cpp, line 773]
Event: 6.959 Thread 0x00000280b9b58800 Exception <a 'java/lang/NoSuchMethodError'{0x00000000aa00e0f0}: 'java.lang.Object java.lang.invoke.DirectMethodHandle$Holder.invokeStatic(java.lang.Object, java.lang.Object, java.lang.Object, int, java.lang.Object, java.lang.Object)'> (0x00000000aa00e0f0) thrown at [./src/hotspot/share/interpreter/linkResolver.cpp, line 773]
Event: 6.960 Thread 0x00000280b9b58800 Exception <a 'java/lang/NoSuchMethodError'{0x00000000aa015800}: 'java.lang.Object java.lang.invoke.Invokers$Holder.linkToTargetMethod(java.lang.Object, java.lang.Object, int, java.lang.Object, java.lang.Object, java.lang.Object)'> (0x00000000aa015800) thrown at [./src/hotspot/share/interpreter/linkResolver.cpp, line 773]
Event: 7.008 Thread 0x00000280b9b58800 Exception <a 'java/lang/NoSuchMethodError'{0x00000000a9fd3698}: 'java.lang.Object java.lang.invoke.DirectMethodHandle$Holder.invokeVirtual(java.lang.Object, java.lang.Object, java.lang.Object, java.lang.Object, java.lang.Object, java.lang.Object, java.lang.Object, java.lang.Object, java.lang.Object, java.lang.Object, java.lang.Object, java.lang.Object, java.lang.Object, java.lang.Object, java.lang.Object, java.lang.Object, java.lang.Object, java.lang.Object, java.lang.Object, java.lang.Object, java.lang.Ob
Event: 7.204 Thread 0x00000280b9b58800 Exception <a 'java/lang/NoSuchMethodError'{0x00000000a962f8c8}: 'int java.lang.invoke.DirectMethodHandle$Holder.invokeStaticInit(java.lang.Object, java.lang.Object, java.lang.Object)'> (0x00000000a962f8c8) thrown at [./src/hotspot/share/interpreter/linkResolver.cpp, line 773]
Event: 7.325 Thread 0x00000280b9b58800 Exception <a 'java/lang/NoSuchMethodError'{0x00000000abd44890}: 'void java.lang.invoke.DirectMethodHandle$Holder.invokeStaticInit(java.lang.Object, java.lang.Object)'> (0x00000000abd44890) thrown at [./src/hotspot/share/interpreter/linkResolver.cpp, line 773]

Events (20 events):
Event: 7.387 loading class org/gradle/internal/build/BuildOperationFiringBuildWorkPreparer
Event: 7.387 loading class org/gradle/internal/build/BuildOperationFiringBuildWorkPreparer done
Event: 7.389 loading class org/gradle/internal/taskgraph/CalculateTaskGraphBuildOperationType$TaskIdentity
Event: 7.389 loading class org/gradle/internal/taskgraph/CalculateTaskGraphBuildOperationType$TaskIdentity done
Event: 7.389 loading class org/gradle/internal/build/DefaultBuildWorkPreparer
Event: 7.389 loading class org/gradle/internal/build/DefaultBuildWorkPreparer done
Event: 7.390 loading class org/gradle/execution/BuildOperationFiringBuildWorkerExecutor
Event: 7.390 loading class org/gradle/execution/BuildOperationFiringBuildWorkerExecutor done
Event: 7.390 loading class org/gradle/execution/DryRunBuildExecutionAction
Event: 7.390 loading class org/gradle/execution/DryRunBuildExecutionAction done
Event: 7.390 loading class org/gradle/execution/SelectedTaskExecutionAction
Event: 7.390 loading class org/gradle/execution/SelectedTaskExecutionAction done
Event: 7.390 loading class org/gradle/internal/build/DefaultBuildLifecycleController$State
Event: 7.390 loading class org/gradle/internal/build/DefaultBuildLifecycleController$State done
Event: 7.391 loading class org/gradle/internal/buildtree/BuildOperationFiringBuildTreeWorkExecutor
Event: 7.391 loading class org/gradle/internal/buildtree/BuildOperationFiringBuildTreeWorkExecutor done
Event: 7.391 loading class org/gradle/internal/buildtree/DefaultBuildTreeWorkExecutor
Event: 7.391 loading class org/gradle/internal/buildtree/DefaultBuildTreeWorkExecutor done
Event: 7.391 loading class org/gradle/internal/buildtree/DefaultBuildTreeFinishExecutor
Event: 7.391 loading class org/gradle/internal/buildtree/DefaultBuildTreeFinishExecutor done


Dynamic libraries:
0x00007ff751360000 - 0x00007ff75136a000 	C:\Program Files\Android\Android Studio\jre\bin\java.exe
0x00007ffd86420000 - 0x00007ffd86610000 	C:\windows\SYSTEM32\ntdll.dll
0x00007ffd85eb0000 - 0x00007ffd85f62000 	C:\windows\System32\KERNEL32.DLL
0x00007ffd83d20000 - 0x00007ffd83fc3000 	C:\windows\System32\KERNELBASE.dll
0x00007ffd83ba0000 - 0x00007ffd83c9a000 	C:\windows\System32\ucrtbase.dll
0x00007ffd81420000 - 0x00007ffd81439000 	C:\Program Files\Android\Android Studio\jre\bin\jli.dll
0x00007ffd78600000 - 0x00007ffd78617000 	C:\Program Files\Android\Android Studio\jre\bin\VCRUNTIME140.dll
0x00007ffd84d40000 - 0x00007ffd84ed4000 	C:\windows\System32\USER32.dll
0x00007ffd84400000 - 0x00007ffd84421000 	C:\windows\System32\win32u.dll
0x00007ffd84740000 - 0x00007ffd84766000 	C:\windows\System32\GDI32.dll
0x00007ffd84260000 - 0x00007ffd843f4000 	C:\windows\System32\gdi32full.dll
0x00007ffd84430000 - 0x00007ffd844ce000 	C:\windows\System32\msvcp_win.dll
0x00007ffd65c70000 - 0x00007ffd65ef5000 	C:\windows\WinSxS\amd64_microsoft.windows.common-controls_6595b64144ccf1df_6.0.18362.693_none_e6c1b3c11311d480\COMCTL32.dll
0x00007ffd85b30000 - 0x00007ffd85bce000 	C:\windows\System32\msvcrt.dll
0x00007ffd84810000 - 0x00007ffd84b46000 	C:\windows\System32\combase.dll
0x00007ffd84ee0000 - 0x00007ffd85000000 	C:\windows\System32\RPCRT4.dll
0x00007ffd83ca0000 - 0x00007ffd83d20000 	C:\windows\System32\bcryptPrimitives.dll
0x00007ffd847d0000 - 0x00007ffd847fe000 	C:\windows\System32\IMM32.DLL
0x00007ffd55270000 - 0x00007ffd5530d000 	C:\Program Files\Android\Android Studio\jre\bin\msvcp140.dll
0x00007ffd0b6d0000 - 0x00007ffd0c1b5000 	C:\Program Files\Android\Android Studio\jre\bin\server\jvm.dll
0x00007ffd85e00000 - 0x00007ffd85ea3000 	C:\windows\System32\ADVAPI32.dll
0x00007ffd84530000 - 0x00007ffd845c7000 	C:\windows\System32\sechost.dll
0x00007ffd84800000 - 0x00007ffd84808000 	C:\windows\System32\PSAPI.DLL
0x00007ffd49240000 - 0x00007ffd49249000 	C:\windows\SYSTEM32\WSOCK32.dll
0x00007ffd81380000 - 0x00007ffd813a4000 	C:\windows\SYSTEM32\WINMM.dll
0x00007ffd7a740000 - 0x00007ffd7a74a000 	C:\windows\SYSTEM32\VERSION.dll
0x00007ffd85350000 - 0x00007ffd853bf000 	C:\windows\System32\WS2_32.dll
0x00007ffd81350000 - 0x00007ffd8137d000 	C:\windows\SYSTEM32\WINMMBASE.dll
0x00007ffd83b50000 - 0x00007ffd83b9a000 	C:\windows\System32\cfgmgr32.dll
0x00007ffd832c0000 - 0x00007ffd832d1000 	C:\windows\System32\kernel.appcore.dll
0x00007ffd721f0000 - 0x00007ffd72201000 	C:\Program Files\Android\Android Studio\jre\bin\verify.dll
0x00007ffd7ae90000 - 0x00007ffd7b084000 	C:\windows\SYSTEM32\DBGHELP.DLL
0x00007ffd67900000 - 0x00007ffd6792a000 	C:\windows\SYSTEM32\dbgcore.DLL
0x00007ffd68dc0000 - 0x00007ffd68de9000 	C:\Program Files\Android\Android Studio\jre\bin\java.dll
0x00007ffd81410000 - 0x00007ffd8141b000 	C:\Program Files\Android\Android Studio\jre\bin\jimage.dll
0x00007ffd71ec0000 - 0x00007ffd71ed8000 	C:\Program Files\Android\Android Studio\jre\bin\zip.dll
0x00007ffd853c0000 - 0x00007ffd85aa6000 	C:\windows\System32\SHELL32.dll
0x00007ffd84b50000 - 0x00007ffd84bf9000 	C:\windows\System32\shcore.dll
0x00007ffd833d0000 - 0x00007ffd83b50000 	C:\windows\System32\windows.storage.dll
0x00007ffd83380000 - 0x00007ffd833a9000 	C:\windows\System32\Wldp.dll
0x00007ffd83fd0000 - 0x00007ffd84119000 	C:\windows\System32\CRYPT32.dll
0x00007ffd83360000 - 0x00007ffd83372000 	C:\windows\System32\MSASN1.dll
0x00007ffd84200000 - 0x00007ffd8425c000 	C:\windows\System32\WINTRUST.dll
0x00007ffd83330000 - 0x00007ffd83353000 	C:\windows\System32\profapi.dll
0x00007ffd832e0000 - 0x00007ffd8332a000 	C:\windows\System32\powrprof.dll
0x00007ffd832b0000 - 0x00007ffd832c0000 	C:\windows\System32\UMPDC.dll
0x00007ffd84770000 - 0x00007ffd847c2000 	C:\windows\System32\shlwapi.dll
0x00007ffd833b0000 - 0x00007ffd833c7000 	C:\windows\System32\cryptsp.dll
0x00007ffd71d50000 - 0x00007ffd71d6a000 	C:\Program Files\Android\Android Studio\jre\bin\net.dll
0x00007ffd79e40000 - 0x00007ffd79f31000 	C:\windows\SYSTEM32\WINHTTP.dll
0x00007ffd82b50000 - 0x00007ffd82bb7000 	C:\windows\system32\mswsock.dll
0x00007ffd69a60000 - 0x00007ffd69a74000 	C:\Program Files\Android\Android Studio\jre\bin\nio.dll
0x00007ffd55fd0000 - 0x00007ffd55ff7000 	C:\Users\Michelle\.gradle\native\e1d6ef7f7dcc3fd88c89a11ec53ec762bb8ba0a96d01ffa2cd45eb1d1d8dd5c5\windows-amd64\native-platform.dll
0x00007ffd480a0000 - 0x00007ffd481e4000 	C:\Users\Michelle\.gradle\native\0d407fdbe67a94daf76414ababcb853783967236a71b16ec16e742cd7a986fd3\windows-amd64\native-platform-file-events.dll
0x00007ffd81040000 - 0x00007ffd8104a000 	C:\Program Files\Android\Android Studio\jre\bin\management.dll
0x00007ffd785f0000 - 0x00007ffd785fd000 	C:\Program Files\Android\Android Studio\jre\bin\management_ext.dll
0x00007ffd826c0000 - 0x00007ffd826f3000 	C:\windows\system32\rsaenh.dll
0x00007ffd841d0000 - 0x00007ffd841f6000 	C:\windows\System32\bcrypt.dll
0x00007ffd831a0000 - 0x00007ffd831c5000 	C:\windows\SYSTEM32\USERENV.dll
0x00007ffd82d20000 - 0x00007ffd82d2c000 	C:\windows\SYSTEM32\CRYPTBASE.dll
0x00007ffd82860000 - 0x00007ffd8289a000 	C:\windows\SYSTEM32\IPHLPAPI.DLL
0x00007ffd85b20000 - 0x00007ffd85b28000 	C:\windows\System32\NSI.dll
0x00007ffd77250000 - 0x00007ffd77266000 	C:\windows\SYSTEM32\dhcpcsvc6.DLL
0x00007ffd77230000 - 0x00007ffd7724c000 	C:\windows\SYSTEM32\dhcpcsvc.DLL
0x00007ffd828b0000 - 0x00007ffd8297a000 	C:\windows\SYSTEM32\DNSAPI.dll

dbghelp: loaded successfully - version: 4.0.5 - missing functions: none
symbol engine: initialized successfully - sym options: 0x614 - pdb path: .;C:\Program Files\Android\Android Studio\jre\bin;C:\windows\SYSTEM32;C:\windows\WinSxS\amd64_microsoft.windows.common-controls_6595b64144ccf1df_6.0.18362.693_none_e6c1b3c11311d480;C:\Program Files\Android\Android Studio\jre\bin\server;C:\Users\Michelle\.gradle\native\e1d6ef7f7dcc3fd88c89a11ec53ec762bb8ba0a96d01ffa2cd45eb1d1d8dd5c5\windows-amd64;C:\Users\Michelle\.gradle\native\0d407fdbe67a94daf76414ababcb853783967236a71b16ec16e742cd7a986fd3\windows-amd64

VM Arguments:
jvm_args: --add-opens=java.base/java.util=ALL-UNNAMED --add-opens=java.base/java.lang=ALL-UNNAMED --add-opens=java.base/java.lang.invoke=ALL-UNNAMED --add-opens=java.base/java.util=ALL-UNNAMED --add-opens=java.prefs/java.util.prefs=ALL-UNNAMED --add-opens=java.prefs/java.util.prefs=ALL-UNNAMED --add-opens=java.base/java.nio.charset=ALL-UNNAMED --add-opens=java.base/java.net=ALL-UNNAMED --add-opens=java.base/java.util.concurrent.atomic=ALL-UNNAMED -Xmx1536M -Dfile.encoding=windows-1252 -Duser.country=US -Duser.language=en -Duser.variant 
java_command: org.gradle.launcher.daemon.bootstrap.GradleDaemon 7.5
java_class_path (initial): C:\Users\Michelle\.gradle\wrapper\dists\gradle-7.5-all\6qsw290k5lz422uaf8jf6m7co\gradle-7.5\lib\gradle-launcher-7.5.jar
Launcher Type: SUN_STANDARD

[Global flags]
     intx CICompilerCount                          = 4                                         {product} {ergonomic}
     uint ConcGCThreads                            = 2                                         {product} {ergonomic}
     uint G1ConcRefinementThreads                  = 8                                         {product} {ergonomic}
   size_t G1HeapRegionSize                         = 1048576                                   {product} {ergonomic}
    uintx GCDrainStackTargetSize                   = 64                                        {product} {ergonomic}
   size_t InitialHeapSize                          = 199229440                                 {product} {ergonomic}
   size_t MarkStackSize                            = 4194304                                   {product} {ergonomic}
   size_t MaxHeapSize                              = 1610612736                                {product} {command line}
   size_t MaxNewSize                               = 965738496                                 {product} {ergonomic}
   size_t MinHeapDeltaBytes                        = 1048576                                   {product} {ergonomic}
    uintx NonNMethodCodeHeapSize                   = 5836300                                {pd product} {ergonomic}
    uintx NonProfiledCodeHeapSize                  = 122910970                              {pd product} {ergonomic}
    uintx ProfiledCodeHeapSize                     = 122910970                              {pd product} {ergonomic}
    uintx ReservedCodeCacheSize                    = 251658240                              {pd product} {ergonomic}
     bool SegmentedCodeCache                       = true                                      {product} {ergonomic}
     bool UseCompressedClassPointers               = true                                 {lp64_product} {ergonomic}
     bool UseCompressedOops                        = true                                 {lp64_product} {ergonomic}
     bool UseG1GC                                  = true                                      {product} {ergonomic}
     bool UseLargePagesIndividualAllocation        = false                                  {pd product} {ergonomic}

Logging:
Log output configuration:
 #0: stdout all=warning uptime,level,tags
 #1: stderr all=off uptime,level,tags

Environment Variables:
JAVA_HOME=C:\Program Files\Android\Android Studio\jre
CLASSPATH=C:\Users\Michelle\Documents\GitHub\ashlife\android\\gradle\wrapper\gradle-wrapper.jar
PATH=C:\Program Files\Common Files\Oracle\Java\javapath;C:\Program Files (x86)\Embarcadero\Studio\22.0\bin;C:\Users\Public\Documents\Embarcadero\Studio\22.0\Bpl;C:\Program Files (x86)\Embarcadero\Studio\22.0\bin64;C:\Users\Public\Documents\Embarcadero\Studio\22.0\Bpl\Win64;C:\windows\system32;C:\windows;C:\windows\System32\Wbem;C:\windows\System32\WindowsPowerShell\v1.0\;C:\windows\System32\OpenSSH\;C:\Program Files\Microsoft SQL Server\110\Tools\Binn\;C:\Users\Michelle\Documents\apache-cassandra-3.11.12\bin;C:\Users\Michelle\Python27;C:\Program Files\nodejs\;C:\ProgramData\chocolatey\bin;C:\apache-cassandra-3.11.12\bin;C:\Program Files\Java\jdk-17.0.1\bin;C:\Program Files (x86)\dotnet\;C:\apache-ant-1.9.16\bin;C:\Program Files \Common Files\Oracle\Java\javapath;C:\Program Files\Java\jdk1.8.0_73\bin;C:\Users\Michelle\Desktop\4GI\4GI\Niveau 4\Semestre 1\grammaire et langage\sablecc-3.7\sablecc-3.7\bin\bin;C:\src\flutter\bin;C:\Users\Michelle\AppData\Local\Microsoft\WindowsApps;C:\Users\Michelle\AppData\Roaming\npm;C:\Users\Michelle\AppData\Local\Programs\Git\cmd;C:\Users\Michelle\AppData\Local\Programs\Microsoft VS Code\bin;C:\Users\Michelle\AppData\Local\GitHubDesktop\bin;C:\src\flutter\bin\mingit\cmd
USERNAME=Michelle
OS=Windows_NT
PROCESSOR_IDENTIFIER=Intel64 Family 6 Model 126 Stepping 5, GenuineIntel



---------------  S Y S T E M  ---------------

OS: Windows 10 , 64 bit Build 18362 (10.0.18362.329)
OS uptime: 2 days 4:47 hours

CPU:total 8 (initial active 8) (4 cores per cpu, 2 threads per core) family 6 model 126 stepping 5 microcode 0xa6, cmov, cx8, fxsr, mmx, sse, sse2, sse3, ssse3, sse4.1, sse4.2, popcnt, avx, avx2, aes, clmul, erms, 3dnowpref, lzcnt, ht, tsc, tscinvbit, bmi1, bmi2, adx, evex, sha, fma

Memory: 4k page, system-wide physical 12069M (1657M free)
TotalPageFile size 17119M (AvailPageFile size 3M)
current process WorkingSet (physical memory assigned to process): 241M, peak: 241M
current process commit charge ("private bytes"): 344M, peak: 345M

vm_info: OpenJDK 64-Bit Server VM (11.0.12+7-b1504.28-7817840) for windows-amd64 JRE (11.0.12+7-b1504.28-7817840), built on Oct 13 2021 22:12:33 by "builder" with MS VC++ 14.0 (VS2015)

END.
